#
# There is insufficient memory for the Java Runtime Environment to continue.
# Native memory allocation (mmap) failed to map 268435456 bytes for Failed to commit area from 0x0000000701c00000 to 0x0000000711c00000 of length 268435456.
# Possible reasons:
#   The system is out of physical RAM or swap space
#   The process is running with CompressedOops enabled, and the Java Heap may be blocking the growth of the native heap
# Possible solutions:
#   Reduce memory load on the system
#   Increase physical memory or swap space
#   Check if swap backing store is full
#   Decrease Java heap size (-Xmx/-Xms)
#   Decrease number of Java threads
#   Decrease Java thread stack sizes (-Xss)
#   Set larger code cache with -XX:ReservedCodeCacheSize=
# This output file may be truncated or incomplete.
#
#  Out of Memory Error (./src/hotspot/os/windows/os_windows.cpp:3303), pid=1924, tid=11584
#
# JRE version:  (11.0.8+10) (build )
# Java VM: OpenJDK 64-Bit Server VM (11.0.8+10-LTS, mixed mode, sharing, tiered, compressed oops, g1 gc, windows-amd64)
# No core dump will be written. Minidumps are not enabled by default on client versions of Windows
#

---------------  S U M M A R Y ------------

Command Line: C:\Users\Karen\AppData\Local\Temp\surefire3340849011366871972\surefirebooter7763718247703797508.jar C:\Users\Karen\AppData\Local\Temp\surefire3340849011366871972 2021-07-14T15-28-02_425-jvmRun1 surefire8026277653451564149tmp surefire_04424969032223791261tmp

Host: Intel(R) Core(TM) i5-8250U CPU @ 1.60GHz, 8 cores, 15G,  Windows 10 , 64 bit Build 19041 (10.0.19041.1023)
Time: Wed Jul 14 15:28:03 2021 India Standard Time elapsed time: 0 seconds (0d 0h 0m 0s)

---------------  T H R E A D  ---------------

Current thread (0x000001fa9f05b800):  JavaThread "Unknown thread" [_thread_in_vm, id=11584, stack(0x0000006de4300000,0x0000006de4400000)]

Stack: [0x0000006de4300000,0x0000006de4400000]
Native frames: (J=compiled Java code, j=interpreted, Vv=VM code, C=native code)
V  [jvm.dll+0x5dfc8a]
V  [jvm.dll+0x7179be]
V  [jvm.dll+0x71908f]
V  [jvm.dll+0x719753]
V  [jvm.dll+0x240e48]
V  [jvm.dll+0x5dcefa]
V  [jvm.dll+0x5d1b65]
V  [jvm.dll+0x2f650c]
V  [jvm.dll+0x2f6392]
V  [jvm.dll+0x2fb046]
V  [jvm.dll+0x33f06f]
V  [jvm.dll+0x33eaa0]
V  [jvm.dll+0x2d38d8]
V  [jvm.dll+0x2d4a26]
V  [jvm.dll+0x6f36b7]
V  [jvm.dll+0x6f4e3f]
V  [jvm.dll+0x34bdf9]
V  [jvm.dll+0x6d6ac0]
V  [jvm.dll+0x3b332f]
V  [jvm.dll+0x3b55e1]
C  [jli.dll+0x520b]
C  [ucrtbase.dll+0x21bb2]
C  [KERNEL32.DLL+0x17034]
C  [ntdll.dll+0x52651]


---------------  P R O C E S S  ---------------

Threads class SMR info:
_java_thread_list=0x000001fa9ce41150, length=0, elements={
}

Java Threads: ( => current thread )

Other Threads:
  0x000001fa9f073800 GCTaskThread "GC Thread#0" [stack: 0x0000006de4400000,0x0000006de4500000] [id=15540]
  0x000001fa9f0ce000 ConcurrentGCThread "G1 Main Marker" [stack: 0x0000006de4500000,0x0000006de4600000] [id=11952]
  0x000001fa9f0cf800 ConcurrentGCThread "G1 Conc#0" [stack: 0x0000006de4600000,0x0000006de4700000] [id=23304]

[error occurred during error reporting (printing all threads), id 0xc0000005, EXCEPTION_ACCESS_VIOLATION (0xc0000005) at pc=0x00007ffd3b212f27]

VM state:not at safepoint (not fully initialized)

VM Mutex/Monitor currently owned by a thread:  ([mutex/lock_event])
[0x000001fa9f059310] Heap_lock - owner thread: 0x000001fa9f05b800

Heap address: 0x0000000701c00000, size: 4068 MB, Compressed Oops mode: Non-zero based: 0x0000000701c00000
Narrow klass base: 0x0000000000000000, Narrow klass shift: 0

GC Heap History (0 events):
No events

Deoptimization events (0 events):
No events

Classes redefined (0 events):
No events

Internal exceptions (0 events):
No events

Events (1 events):
Event: 0.010 Loaded shared library C:\Program Files\Amazon Corretto\jdk11.0.8_10\bin\zip.dll


Dynamic libraries:
0x00007ff7e7bc0000 - 0x00007ff7e7bcd000 	C:\Program Files\Amazon Corretto\jdk11.0.8_10\bin\java.exe
0x00007ffd84f70000 - 0x00007ffd85165000 	C:\WINDOWS\SYSTEM32\ntdll.dll
0x00007ffd832c0000 - 0x00007ffd8337d000 	C:\WINDOWS\System32\KERNEL32.DLL
0x00007ffd82740000 - 0x00007ffd82a09000 	C:\WINDOWS\System32\KERNELBASE.dll
0x00007ffd82d10000 - 0x00007ffd82e10000 	C:\WINDOWS\System32\ucrtbase.dll
0x00007ffd7bdd0000 - 0x00007ffd7bde7000 	C:\Program Files\Amazon Corretto\jdk11.0.8_10\bin\jli.dll
0x00007ffd7be10000 - 0x00007ffd7be25000 	C:\Program Files\Amazon Corretto\jdk11.0.8_10\bin\VCRUNTIME140.dll
0x00007ffd84a30000 - 0x00007ffd84bd0000 	C:\WINDOWS\System32\USER32.dll
0x00007ffd82ce0000 - 0x00007ffd82d02000 	C:\WINDOWS\System32\win32u.dll
0x00007ffd6a800000 - 0x00007ffd6aa9a000 	C:\WINDOWS\WinSxS\amd64_microsoft.windows.common-controls_6595b64144ccf1df_6.0.19041.1083_none_60bbe31371f34e71\COMCTL32.dll
0x00007ffd83000000 - 0x00007ffd8302a000 	C:\WINDOWS\System32\GDI32.dll
0x00007ffd84010000 - 0x00007ffd840ae000 	C:\WINDOWS\System32\msvcrt.dll
0x00007ffd82bd0000 - 0x00007ffd82cdb000 	C:\WINDOWS\System32\gdi32full.dll
0x00007ffd82e90000 - 0x00007ffd82f2d000 	C:\WINDOWS\System32\msvcp_win.dll
0x00007ffd83030000 - 0x00007ffd83060000 	C:\WINDOWS\System32\IMM32.DLL
0x00007ffd5c870000 - 0x00007ffd5c90b000 	C:\Program Files\Amazon Corretto\jdk11.0.8_10\bin\msvcp140.dll
0x00007ffd3af30000 - 0x00007ffd3b9ed000 	C:\Program Files\Amazon Corretto\jdk11.0.8_10\bin\server\jvm.dll
0x00007ffd83f60000 - 0x00007ffd8400c000 	C:\WINDOWS\System32\ADVAPI32.dll
0x00007ffd845f0000 - 0x00007ffd8468b000 	C:\WINDOWS\System32\sechost.dll
0x00007ffd83650000 - 0x00007ffd8377a000 	C:\WINDOWS\System32\RPCRT4.dll
0x00007ffd83810000 - 0x00007ffd83818000 	C:\WINDOWS\System32\PSAPI.DLL
0x00007ffd74d60000 - 0x00007ffd74d69000 	C:\WINDOWS\SYSTEM32\WSOCK32.dll
0x00007ffd7c1f0000 - 0x00007ffd7c217000 	C:\WINDOWS\SYSTEM32\WINMM.dll
0x00007ffd7b1a0000 - 0x00007ffd7b1aa000 	C:\WINDOWS\SYSTEM32\VERSION.dll
0x00007ffd83240000 - 0x00007ffd832ab000 	C:\WINDOWS\System32\WS2_32.dll
0x00007ffd80f80000 - 0x00007ffd80f92000 	C:\WINDOWS\SYSTEM32\kernel.appcore.dll
0x00007ffd7c680000 - 0x00007ffd7c690000 	C:\Program Files\Amazon Corretto\jdk11.0.8_10\bin\verify.dll
0x00007ffd80c60000 - 0x00007ffd80e44000 	C:\WINDOWS\SYSTEM32\DBGHELP.DLL
0x00007ffd6a1e0000 - 0x00007ffd6a20c000 	C:\WINDOWS\SYSTEM32\dbgcore.DLL
0x00007ffd826b0000 - 0x00007ffd82733000 	C:\WINDOWS\System32\bcryptPrimitives.dll
0x00007ffd79330000 - 0x00007ffd79358000 	C:\Program Files\Amazon Corretto\jdk11.0.8_10\bin\java.dll
0x00007ffd7c040000 - 0x00007ffd7c04a000 	C:\Program Files\Amazon Corretto\jdk11.0.8_10\bin\jimage.dll
0x00007ffd7bdb0000 - 0x00007ffd7bdc7000 	C:\Program Files\Amazon Corretto\jdk11.0.8_10\bin\zip.dll

dbghelp: loaded successfully - version: 4.0.5 - missing functions: none
symbol engine: initialized successfully - sym options: 0x614 - pdb path: .;C:\Program Files\Amazon Corretto\jdk11.0.8_10\bin;C:\WINDOWS\SYSTEM32;C:\WINDOWS\WinSxS\amd64_microsoft.windows.common-controls_6595b64144ccf1df_6.0.19041.1083_none_60bbe31371f34e71;C:\Program Files\Amazon Corretto\jdk11.0.8_10\bin\server

VM Arguments:
java_command: C:\Users\Karen\AppData\Local\Temp\surefire3340849011366871972\surefirebooter7763718247703797508.jar C:\Users\Karen\AppData\Local\Temp\surefire3340849011366871972 2021-07-14T15-28-02_425-jvmRun1 surefire8026277653451564149tmp surefire_04424969032223791261tmp
java_class_path (initial): C:\Users\Karen\AppData\Local\Temp\surefire3340849011366871972\surefirebooter7763718247703797508.jar
Launcher Type: SUN_STANDARD

[Global flags]
     intx CICompilerCount                          = 4                                         {product} {ergonomic}
     uint ConcGCThreads                            = 2                                         {product} {ergonomic}
     uint G1ConcRefinementThreads                  = 8                                         {product} {ergonomic}
   size_t G1HeapRegionSize                         = 1048576                                   {product} {ergonomic}
    uintx GCDrainStackTargetSize                   = 64                                        {product} {ergonomic}
   size_t InitialHeapSize                          = 268435456                                 {product} {ergonomic}
   size_t MarkStackSize                            = 4194304                                   {product} {ergonomic}
   size_t MaxHeapSize                              = 4265607168                                {product} {ergonomic}
   size_t MinHeapDeltaBytes                        = 1048576                                   {product} {ergonomic}
    uintx NonNMethodCodeHeapSize                   = 5836300                                {pd product} {ergonomic}
    uintx NonProfiledCodeHeapSize                  = 122910970                              {pd product} {ergonomic}
    uintx ProfiledCodeHeapSize                     = 122910970                              {pd product} {ergonomic}
    uintx ReservedCodeCacheSize                    = 251658240                              {pd product} {ergonomic}
     bool SegmentedCodeCache                       = true                                      {product} {ergonomic}
     bool UseCompressedClassPointers               = true                                 {lp64_product} {ergonomic}
     bool UseCompressedOops                        = true                                 {lp64_product} {ergonomic}
     bool UseG1GC                                  = true                                      {product} {ergonomic}
     bool UseLargePagesIndividualAllocation        = false                                  {pd product} {ergonomic}

Logging:
Log output configuration:
 #0: stdout all=warning uptime,level,tags
 #1: stderr all=off uptime,level,tags

Environment Variables:
JAVA_HOME=C:\Program Files\Amazon Corretto\jdk11.0.8_10
PATH=C:\Program Files\Amazon Corretto\jdk11.0.8_10\bin;C:\Program Files (x86)\Intel\Intel(R) Management Engine Components\iCLS\;C:\Program Files\Intel\Intel(R) Management Engine Components\iCLS\;C:\Windows\system32;C:\Windows;C:\Windows\System32\Wbem;C:\Windows\System32\WindowsPowerShell\v1.0\;C:\Windows\System32\OpenSSH\;C:\Program Files (x86)\NVIDIA Corporation\PhysX\Common;C:\Program Files (x86)\Intel\Intel(R) Management Engine Components\DAL;C:\Program Files\Intel\Intel(R) Management Engine Components\DAL;C:\Program Files (x86)\Intel\Intel(R) Management Engine Components\IPT;C:\Program Files\Intel\Intel(R) Management Engine Components\IPT;C:\Program Files\Intel\WiFi\bin\;C:\Program Files\Common Files\Intel\WirelessCommon\;C:\Program Files\MySQL\MySQL Utilities 1.6\;C:\WINDOWS\system32;C:\WINDOWS;C:\WINDOWS\System32\Wbem;C:\WINDOWS\System32\WindowsPowerShell\v1.0\;C:\WINDOWS\System32\OpenSSH\;C:\Program Files\nodejs\;C:\Program Files\Git\cmd;C:\HashiCorp\Vagrant\bin;C:\Program Files\MongoDB\Server\4.4\bin;C:\Program Files\Docker\Docker\resources\bin;C:\Users\Karen\AppData\Local\Programs\Python\Python38-32\Scripts\;C:\Users\Karen\AppData\Local\Programs\Python\Python38-32\;C:\Users\Karen\AppData\Local\Programs\Python\Python37-32\Scripts\;C:\Users\Karen\AppData\Local\Programs\Python\Python37-32\;C:\Users\Karen\AppData\Local\Microsoft\WindowsApps;C:\Users\Karen\AppData\Local\Programs\Microsoft VS Code\bin;C:\Users\Karen\AppData\Local\GitHubDesktop\bin;C:\Users\Karen\AppData\Local\Microsoft\WindowsApps;C:\Users\Karen\AppData\Roaming\npm;E:\Downloads_Karen\apache-maven-3.8.1-bin\apache-maven-3.8.1\bin;C:\Users\Karen\AppData\Local\Programs\mongosh\;C:\Program Files\MongoDB\Server\4.4\bin;C:\Program Files\Docker\Docker\resources\bin;
USERNAME=Karen
OS=Windows_NT
PROCESSOR_IDENTIFIER=Intel64 Family 6 Model 142 Stepping 10, GenuineIntel



---------------  S Y S T E M  ---------------

OS: Windows 10 , 64 bit Build 19041 (10.0.19041.1023)
OS uptime: 3 days 6:25 hours
HyperV virtualization detected

CPU:total 8 (initial active 8) (4 cores per cpu, 2 threads per core) family 6 model 142 stepping 10, cmov, cx8, fxsr, mmx, sse, sse2, sse3, ssse3, sse4.1, sse4.2, popcnt, avx, avx2, aes, clmul, erms, 3dnowpref, lzcnt, ht, tsc, tscinvbit, bmi1, bmi2, adx, fma

Memory: 4k page, system-wide physical 16265M (4152M free)
TotalPageFile size 16265M (AvailPageFile size 223M)
current process WorkingSet (physical memory assigned to process): 10M, peak: 10M
current process commit charge ("private bytes"): 60M, peak: 316M

vm_info: OpenJDK 64-Bit Server VM (11.0.8+10-LTS) for windows-amd64 JRE (11.0.8+10-LTS), built on Jul 13 2020 00:42:50 by "Administrator" with MS VC++ 15.9 (VS2017)

END.
