#
# There is insufficient memory for the Java Runtime Environment to continue.
# Native memory allocation (malloc) failed to allocate 831856 bytes for Chunk::new
# Possible reasons:
#   The system is out of physical RAM or swap space
#   The process is running with CompressedOops enabled, and the Java Heap may be blocking the growth of the native heap
# Possible solutions:
#   Reduce memory load on the system
#   Increase physical memory or swap space
#   Check if swap backing store is full
#   Decrease Java heap size (-Xmx/-Xms)
#   Decrease number of Java threads
#   Decrease Java thread stack sizes (-Xss)
#   Set larger code cache with -XX:ReservedCodeCacheSize=
#   JVM is running with Zero Based Compressed Oops mode in which the Java heap is
#     placed in the first 32GB address space. The Java Heap base address is the
#     maximum limit for the native heap growth. Please use -XX:HeapBaseMinAddress
#     to set the Java Heap base and to place the Java Heap above 32GB virtual address.
# This output file may be truncated or incomplete.
#
#  Out of Memory Error (./src/hotspot/share/memory/arena.cpp:197), pid=12408, tid=18100
#
# JRE version: OpenJDK Runtime Environment Corretto-11.0.8.10.1 (11.0.8+10) (build 11.0.8+10-LTS)
# Java VM: OpenJDK 64-Bit Server VM Corretto-11.0.8.10.1 (11.0.8+10-LTS, mixed mode, tiered, compressed oops, g1 gc, windows-amd64)
# No core dump will be written. Minidumps are not enabled by default on client versions of Windows
#

---------------  S U M M A R Y ------------

Command Line: org.apache.maven.surefire.booter.ForkedBooter C:\Users\Karen\AppData\Local\Temp\surefire3895981507856565099 2021-07-14T15-23-54_022-jvmRun1 surefire14883510154605024872tmp surefire_03311166554656735238tmp

Host: Intel(R) Core(TM) i5-8250U CPU @ 1.60GHz, 8 cores, 15G,  Windows 10 , 64 bit Build 19041 (10.0.19041.1023)
Time: Wed Jul 14 15:23:56 2021 India Standard Time elapsed time: 1 seconds (0d 0h 0m 1s)

---------------  T H R E A D  ---------------

Current thread (0x000002d53a960800):  JavaThread "C2 CompilerThread0" daemon [_thread_in_native, id=18100, stack(0x000000e75f400000,0x000000e75f500000)]


Current CompileTask:
C2:   1694 1795       4       java.net.URLStreamHandler::parseURL (1201 bytes)

Stack: [0x000000e75f400000,0x000000e75f500000]
Native frames: (J=compiled Java code, j=interpreted, Vv=VM code, C=native code)
V  [jvm.dll+0x5dfc8a]
V  [jvm.dll+0x7179be]
V  [jvm.dll+0x71908f]
V  [jvm.dll+0x719753]
V  [jvm.dll+0x240e48]
V  [jvm.dll+0xb96ac]
V  [jvm.dll+0xb9dac]
V  [jvm.dll+0x346342]
V  [jvm.dll+0x193639]
V  [jvm.dll+0x1faa32]
V  [jvm.dll+0x1f9adf]
V  [jvm.dll+0x17e4ec]
V  [jvm.dll+0x208f27]
V  [jvm.dll+0x20710b]
V  [jvm.dll+0x6dc729]
V  [jvm.dll+0x6d57d4]
V  [jvm.dll+0x5debc6]
C  [ucrtbase.dll+0x21bb2]
C  [KERNEL32.DLL+0x17034]
C  [ntdll.dll+0x52651]


---------------  P R O C E S S  ---------------

Threads class SMR info:
_java_thread_list=0x000002d53d5e6700, length=15, elements={
0x000002d516419000, 0x000002d53a046000, 0x000002d53a051000, 0x000002d53a95d800,
0x000002d53a95f800, 0x000002d53a960800, 0x000002d53a961800, 0x000002d53a965800,
0x000002d53aacc800, 0x000002d53aace000, 0x000002d53ab60000, 0x000002d53ae77000,
0x000002d53af12800, 0x000002d53bb4f800, 0x000002d53c6a0800
}

Java Threads: ( => current thread )
  0x000002d516419000 JavaThread "main" [_thread_in_Java, id=18380, stack(0x000000e75e900000,0x000000e75ea00000)]
  0x000002d53a046000 JavaThread "Reference Handler" daemon [_thread_blocked, id=24292, stack(0x000000e75f000000,0x000000e75f100000)]
  0x000002d53a051000 JavaThread "Finalizer" daemon [_thread_blocked, id=24492, stack(0x000000e75f100000,0x000000e75f200000)]
  0x000002d53a95d800 JavaThread "Signal Dispatcher" daemon [_thread_blocked, id=23568, stack(0x000000e75f200000,0x000000e75f300000)]
  0x000002d53a95f800 JavaThread "Attach Listener" daemon [_thread_blocked, id=15784, stack(0x000000e75f300000,0x000000e75f400000)]
=>0x000002d53a960800 JavaThread "C2 CompilerThread0" daemon [_thread_in_native, id=18100, stack(0x000000e75f400000,0x000000e75f500000)]
  0x000002d53a961800 JavaThread "C1 CompilerThread0" daemon [_thread_blocked, id=13288, stack(0x000000e75f500000,0x000000e75f600000)]
  0x000002d53a965800 JavaThread "Sweeper thread" daemon [_thread_blocked, id=16168, stack(0x000000e75f600000,0x000000e75f700000)]
  0x000002d53aacc800 JavaThread "Service Thread" daemon [_thread_blocked, id=11936, stack(0x000000e75f700000,0x000000e75f800000)]
  0x000002d53aace000 JavaThread "Common-Cleaner" daemon [_thread_blocked, id=5444, stack(0x000000e75f900000,0x000000e75fa00000)]
  0x000002d53ab60000 JavaThread "surefire-forkedjvm-command-thread" daemon [_thread_in_native, id=1880, stack(0x000000e75fa00000,0x000000e75fb00000)]
  0x000002d53ae77000 JavaThread "surefire-forkedjvm-ping-30s" daemon [_thread_blocked, id=21392, stack(0x000000e75fb00000,0x000000e75fc00000)]
  0x000002d53af12800 JavaThread "C2 CompilerThread1" daemon [_thread_in_native, id=7368, stack(0x000000e75fc00000,0x000000e75fd00000)]
  0x000002d53bb4f800 JavaThread "C2 CompilerThread2" daemon [_thread_in_native, id=12104, stack(0x000000e75fd00000,0x000000e75fe00000)]
  0x000002d53c6a0800 JavaThread "background-preinit" [_thread_in_native, id=20392, stack(0x000000e760400000,0x000000e760500000)]

Other Threads:
  0x000002d53a044000 VMThread "VM Thread" [stack: 0x000000e75ef00000,0x000000e75f000000] [id=17824]
  0x000002d53aacd000 WatcherThread [stack: 0x000000e75f800000,0x000000e75f900000] [id=23584]
  0x000002d516430800 GCTaskThread "GC Thread#0" [stack: 0x000000e75ea00000,0x000000e75eb00000] [id=21312]
  0x000002d53bba8800 GCTaskThread "GC Thread#1" [stack: 0x000000e75fe00000,0x000000e75ff00000] [id=20596]
  0x000002d53c4ea800 GCTaskThread "GC Thread#2" [stack: 0x000000e75ff00000,0x000000e760000000] [id=13508]
  0x000002d53be26000 GCTaskThread "GC Thread#3" [stack: 0x000000e760000000,0x000000e760100000] [id=16988]
  0x000002d53be27000 GCTaskThread "GC Thread#4" [stack: 0x000000e760100000,0x000000e760200000] [id=11308]
  0x000002d53b380000 GCTaskThread "GC Thread#5" [stack: 0x000000e760200000,0x000000e760300000] [id=2452]
  0x000002d51648f000 ConcurrentGCThread "G1 Main Marker" [stack: 0x000000e75eb00000,0x000000e75ec00000] [id=18520]
  0x000002d516490800 ConcurrentGCThread "G1 Conc#0" [stack: 0x000000e75ec00000,0x000000e75ed00000] [id=7868]
  0x000002d53c211800 ConcurrentGCThread "G1 Conc#1" [stack: 0x000000e760300000,0x000000e760400000] [id=18216]
  0x000002d539f29800 ConcurrentGCThread "G1 Refine#0" [stack: 0x000000e75ed00000,0x000000e75ee00000] [id=23560]
  0x000002d539f2a800 ConcurrentGCThread "G1 Young RemSet Sampling" [stack: 0x000000e75ee00000,0x000000e75ef00000] [id=3152]

Threads with active compile tasks:
C2 CompilerThread0   1739 1795       4       java.net.URLStreamHandler::parseURL (1201 bytes)
C1 CompilerThread0   1740 1950       3       java.io.FilterOutputStream::<init> (21 bytes)
C2 CompilerThread1   1740 1881       4       java.lang.invoke.MethodType::makeImpl (108 bytes)
C2 CompilerThread2   1740 1910       4       java.lang.invoke.LambdaForm$Name::replaceNames (174 bytes)

VM state:not at safepoint (normal execution)

VM Mutex/Monitor currently owned by a thread: None

Heap address: 0x0000000701c00000, size: 4068 MB, Compressed Oops mode: Zero based, Oop shift amount: 3
Narrow klass base: 0x0000000800000000, Narrow klass shift: 0
Compressed class space size: 1073741824 Address: 0x0000000800000000

Heap:
 garbage-first heap   total 262144K, used 23226K [0x0000000701c00000, 0x0000000800000000)
  region size 1024K, 21 young (21504K), 5 survivors (5120K)
 Metaspace       used 23186K, capacity 23949K, committed 24320K, reserved 1071104K
  class space    used 2638K, capacity 2947K, committed 3072K, reserved 1048576K
Heap Regions: E=young(eden), S=young(survivor), O=old, HS=humongous(starts), HC=humongous(continues), CS=collection set, F=free, A=archive, TAMS=top-at-mark-start (previous, next)
|   0|0x0000000701c00000, 0x0000000701d00000, 0x0000000701d00000|100%| O|  |TAMS 0x0000000701d00000, 0x0000000701c00000| Untracked 
|   1|0x0000000701d00000, 0x0000000701e00000, 0x0000000701e00000|100%| O|  |TAMS 0x0000000701e00000, 0x0000000701d00000| Untracked 
|   2|0x0000000701e00000, 0x0000000701edba00, 0x0000000701f00000| 85%| O|  |TAMS 0x0000000701edba00, 0x0000000701e00000| Untracked 
|   3|0x0000000701f00000, 0x0000000701f00000, 0x0000000702000000|  0%| F|  |TAMS 0x0000000701f00000, 0x0000000701f00000| Untracked 
|   4|0x0000000702000000, 0x0000000702000000, 0x0000000702100000|  0%| F|  |TAMS 0x0000000702000000, 0x0000000702000000| Untracked 
|   5|0x0000000702100000, 0x0000000702100000, 0x0000000702200000|  0%| F|  |TAMS 0x0000000702100000, 0x0000000702100000| Untracked 
|   6|0x0000000702200000, 0x0000000702200000, 0x0000000702300000|  0%| F|  |TAMS 0x0000000702200000, 0x0000000702200000| Untracked 
|   7|0x0000000702300000, 0x0000000702300000, 0x0000000702400000|  0%| F|  |TAMS 0x0000000702300000, 0x0000000702300000| Untracked 
|   8|0x0000000702400000, 0x0000000702400000, 0x0000000702500000|  0%| F|  |TAMS 0x0000000702400000, 0x0000000702400000| Untracked 
|   9|0x0000000702500000, 0x0000000702500000, 0x0000000702600000|  0%| F|  |TAMS 0x0000000702500000, 0x0000000702500000| Untracked 
|  10|0x0000000702600000, 0x0000000702600000, 0x0000000702700000|  0%| F|  |TAMS 0x0000000702600000, 0x0000000702600000| Untracked 
|  11|0x0000000702700000, 0x0000000702700000, 0x0000000702800000|  0%| F|  |TAMS 0x0000000702700000, 0x0000000702700000| Untracked 
|  12|0x0000000702800000, 0x0000000702800000, 0x0000000702900000|  0%| F|  |TAMS 0x0000000702800000, 0x0000000702800000| Untracked 
|  13|0x0000000702900000, 0x0000000702900000, 0x0000000702a00000|  0%| F|  |TAMS 0x0000000702900000, 0x0000000702900000| Untracked 
|  14|0x0000000702a00000, 0x0000000702a00000, 0x0000000702b00000|  0%| F|  |TAMS 0x0000000702a00000, 0x0000000702a00000| Untracked 
|  15|0x0000000702b00000, 0x0000000702b00000, 0x0000000702c00000|  0%| F|  |TAMS 0x0000000702b00000, 0x0000000702b00000| Untracked 
|  16|0x0000000702c00000, 0x0000000702c00000, 0x0000000702d00000|  0%| F|  |TAMS 0x0000000702c00000, 0x0000000702c00000| Untracked 
|  17|0x0000000702d00000, 0x0000000702d00000, 0x0000000702e00000|  0%| F|  |TAMS 0x0000000702d00000, 0x0000000702d00000| Untracked 
|  18|0x0000000702e00000, 0x0000000702e00000, 0x0000000702f00000|  0%| F|  |TAMS 0x0000000702e00000, 0x0000000702e00000| Untracked 
|  19|0x0000000702f00000, 0x0000000702f00000, 0x0000000703000000|  0%| F|  |TAMS 0x0000000702f00000, 0x0000000702f00000| Untracked 
|  20|0x0000000703000000, 0x0000000703000000, 0x0000000703100000|  0%| F|  |TAMS 0x0000000703000000, 0x0000000703000000| Untracked 
|  21|0x0000000703100000, 0x0000000703100000, 0x0000000703200000|  0%| F|  |TAMS 0x0000000703100000, 0x0000000703100000| Untracked 
|  22|0x0000000703200000, 0x0000000703200000, 0x0000000703300000|  0%| F|  |TAMS 0x0000000703200000, 0x0000000703200000| Untracked 
|  23|0x0000000703300000, 0x0000000703300000, 0x0000000703400000|  0%| F|  |TAMS 0x0000000703300000, 0x0000000703300000| Untracked 
|  24|0x0000000703400000, 0x0000000703400000, 0x0000000703500000|  0%| F|  |TAMS 0x0000000703400000, 0x0000000703400000| Untracked 
|  25|0x0000000703500000, 0x0000000703500000, 0x0000000703600000|  0%| F|  |TAMS 0x0000000703500000, 0x0000000703500000| Untracked 
|  26|0x0000000703600000, 0x0000000703600000, 0x0000000703700000|  0%| F|  |TAMS 0x0000000703600000, 0x0000000703600000| Untracked 
|  27|0x0000000703700000, 0x0000000703700000, 0x0000000703800000|  0%| F|  |TAMS 0x0000000703700000, 0x0000000703700000| Untracked 
|  28|0x0000000703800000, 0x0000000703800000, 0x0000000703900000|  0%| F|  |TAMS 0x0000000703800000, 0x0000000703800000| Untracked 
|  29|0x0000000703900000, 0x0000000703900000, 0x0000000703a00000|  0%| F|  |TAMS 0x0000000703900000, 0x0000000703900000| Untracked 
|  30|0x0000000703a00000, 0x0000000703a00000, 0x0000000703b00000|  0%| F|  |TAMS 0x0000000703a00000, 0x0000000703a00000| Untracked 
|  31|0x0000000703b00000, 0x0000000703b00000, 0x0000000703c00000|  0%| F|  |TAMS 0x0000000703b00000, 0x0000000703b00000| Untracked 
|  32|0x0000000703c00000, 0x0000000703c00000, 0x0000000703d00000|  0%| F|  |TAMS 0x0000000703c00000, 0x0000000703c00000| Untracked 
|  33|0x0000000703d00000, 0x0000000703d00000, 0x0000000703e00000|  0%| F|  |TAMS 0x0000000703d00000, 0x0000000703d00000| Untracked 
|  34|0x0000000703e00000, 0x0000000703e00000, 0x0000000703f00000|  0%| F|  |TAMS 0x0000000703e00000, 0x0000000703e00000| Untracked 
|  35|0x0000000703f00000, 0x0000000703f00000, 0x0000000704000000|  0%| F|  |TAMS 0x0000000703f00000, 0x0000000703f00000| Untracked 
|  36|0x0000000704000000, 0x0000000704000000, 0x0000000704100000|  0%| F|  |TAMS 0x0000000704000000, 0x0000000704000000| Untracked 
|  37|0x0000000704100000, 0x0000000704100000, 0x0000000704200000|  0%| F|  |TAMS 0x0000000704100000, 0x0000000704100000| Untracked 
|  38|0x0000000704200000, 0x0000000704200000, 0x0000000704300000|  0%| F|  |TAMS 0x0000000704200000, 0x0000000704200000| Untracked 
|  39|0x0000000704300000, 0x0000000704300000, 0x0000000704400000|  0%| F|  |TAMS 0x0000000704300000, 0x0000000704300000| Untracked 
|  40|0x0000000704400000, 0x0000000704400000, 0x0000000704500000|  0%| F|  |TAMS 0x0000000704400000, 0x0000000704400000| Untracked 
|  41|0x0000000704500000, 0x0000000704500000, 0x0000000704600000|  0%| F|  |TAMS 0x0000000704500000, 0x0000000704500000| Untracked 
|  42|0x0000000704600000, 0x0000000704600000, 0x0000000704700000|  0%| F|  |TAMS 0x0000000704600000, 0x0000000704600000| Untracked 
|  43|0x0000000704700000, 0x0000000704700000, 0x0000000704800000|  0%| F|  |TAMS 0x0000000704700000, 0x0000000704700000| Untracked 
|  44|0x0000000704800000, 0x0000000704800000, 0x0000000704900000|  0%| F|  |TAMS 0x0000000704800000, 0x0000000704800000| Untracked 
|  45|0x0000000704900000, 0x0000000704900000, 0x0000000704a00000|  0%| F|  |TAMS 0x0000000704900000, 0x0000000704900000| Untracked 
|  46|0x0000000704a00000, 0x0000000704a00000, 0x0000000704b00000|  0%| F|  |TAMS 0x0000000704a00000, 0x0000000704a00000| Untracked 
|  47|0x0000000704b00000, 0x0000000704b00000, 0x0000000704c00000|  0%| F|  |TAMS 0x0000000704b00000, 0x0000000704b00000| Untracked 
|  48|0x0000000704c00000, 0x0000000704c00000, 0x0000000704d00000|  0%| F|  |TAMS 0x0000000704c00000, 0x0000000704c00000| Untracked 
|  49|0x0000000704d00000, 0x0000000704d00000, 0x0000000704e00000|  0%| F|  |TAMS 0x0000000704d00000, 0x0000000704d00000| Untracked 
|  50|0x0000000704e00000, 0x0000000704e00000, 0x0000000704f00000|  0%| F|  |TAMS 0x0000000704e00000, 0x0000000704e00000| Untracked 
|  51|0x0000000704f00000, 0x0000000704f00000, 0x0000000705000000|  0%| F|  |TAMS 0x0000000704f00000, 0x0000000704f00000| Untracked 
|  52|0x0000000705000000, 0x0000000705000000, 0x0000000705100000|  0%| F|  |TAMS 0x0000000705000000, 0x0000000705000000| Untracked 
|  53|0x0000000705100000, 0x0000000705100000, 0x0000000705200000|  0%| F|  |TAMS 0x0000000705100000, 0x0000000705100000| Untracked 
|  54|0x0000000705200000, 0x0000000705200000, 0x0000000705300000|  0%| F|  |TAMS 0x0000000705200000, 0x0000000705200000| Untracked 
|  55|0x0000000705300000, 0x0000000705300000, 0x0000000705400000|  0%| F|  |TAMS 0x0000000705300000, 0x0000000705300000| Untracked 
|  56|0x0000000705400000, 0x0000000705400000, 0x0000000705500000|  0%| F|  |TAMS 0x0000000705400000, 0x0000000705400000| Untracked 
|  57|0x0000000705500000, 0x0000000705500000, 0x0000000705600000|  0%| F|  |TAMS 0x0000000705500000, 0x0000000705500000| Untracked 
|  58|0x0000000705600000, 0x0000000705600000, 0x0000000705700000|  0%| F|  |TAMS 0x0000000705600000, 0x0000000705600000| Untracked 
|  59|0x0000000705700000, 0x0000000705700000, 0x0000000705800000|  0%| F|  |TAMS 0x0000000705700000, 0x0000000705700000| Untracked 
|  60|0x0000000705800000, 0x0000000705800000, 0x0000000705900000|  0%| F|  |TAMS 0x0000000705800000, 0x0000000705800000| Untracked 
|  61|0x0000000705900000, 0x0000000705900000, 0x0000000705a00000|  0%| F|  |TAMS 0x0000000705900000, 0x0000000705900000| Untracked 
|  62|0x0000000705a00000, 0x0000000705a00000, 0x0000000705b00000|  0%| F|  |TAMS 0x0000000705a00000, 0x0000000705a00000| Untracked 
|  63|0x0000000705b00000, 0x0000000705b00000, 0x0000000705c00000|  0%| F|  |TAMS 0x0000000705b00000, 0x0000000705b00000| Untracked 
|  64|0x0000000705c00000, 0x0000000705c00000, 0x0000000705d00000|  0%| F|  |TAMS 0x0000000705c00000, 0x0000000705c00000| Untracked 
|  65|0x0000000705d00000, 0x0000000705d00000, 0x0000000705e00000|  0%| F|  |TAMS 0x0000000705d00000, 0x0000000705d00000| Untracked 
|  66|0x0000000705e00000, 0x0000000705e00000, 0x0000000705f00000|  0%| F|  |TAMS 0x0000000705e00000, 0x0000000705e00000| Untracked 
|  67|0x0000000705f00000, 0x0000000705f00000, 0x0000000706000000|  0%| F|  |TAMS 0x0000000705f00000, 0x0000000705f00000| Untracked 
|  68|0x0000000706000000, 0x0000000706000000, 0x0000000706100000|  0%| F|  |TAMS 0x0000000706000000, 0x0000000706000000| Untracked 
|  69|0x0000000706100000, 0x0000000706100000, 0x0000000706200000|  0%| F|  |TAMS 0x0000000706100000, 0x0000000706100000| Untracked 
|  70|0x0000000706200000, 0x0000000706200000, 0x0000000706300000|  0%| F|  |TAMS 0x0000000706200000, 0x0000000706200000| Untracked 
|  71|0x0000000706300000, 0x0000000706300000, 0x0000000706400000|  0%| F|  |TAMS 0x0000000706300000, 0x0000000706300000| Untracked 
|  72|0x0000000706400000, 0x0000000706400000, 0x0000000706500000|  0%| F|  |TAMS 0x0000000706400000, 0x0000000706400000| Untracked 
|  73|0x0000000706500000, 0x0000000706500000, 0x0000000706600000|  0%| F|  |TAMS 0x0000000706500000, 0x0000000706500000| Untracked 
|  74|0x0000000706600000, 0x0000000706600000, 0x0000000706700000|  0%| F|  |TAMS 0x0000000706600000, 0x0000000706600000| Untracked 
|  75|0x0000000706700000, 0x0000000706700000, 0x0000000706800000|  0%| F|  |TAMS 0x0000000706700000, 0x0000000706700000| Untracked 
|  76|0x0000000706800000, 0x0000000706800000, 0x0000000706900000|  0%| F|  |TAMS 0x0000000706800000, 0x0000000706800000| Untracked 
|  77|0x0000000706900000, 0x0000000706900000, 0x0000000706a00000|  0%| F|  |TAMS 0x0000000706900000, 0x0000000706900000| Untracked 
|  78|0x0000000706a00000, 0x0000000706a00000, 0x0000000706b00000|  0%| F|  |TAMS 0x0000000706a00000, 0x0000000706a00000| Untracked 
|  79|0x0000000706b00000, 0x0000000706b00000, 0x0000000706c00000|  0%| F|  |TAMS 0x0000000706b00000, 0x0000000706b00000| Untracked 
|  80|0x0000000706c00000, 0x0000000706c00000, 0x0000000706d00000|  0%| F|  |TAMS 0x0000000706c00000, 0x0000000706c00000| Untracked 
|  81|0x0000000706d00000, 0x0000000706d00000, 0x0000000706e00000|  0%| F|  |TAMS 0x0000000706d00000, 0x0000000706d00000| Untracked 
|  82|0x0000000706e00000, 0x0000000706e00000, 0x0000000706f00000|  0%| F|  |TAMS 0x0000000706e00000, 0x0000000706e00000| Untracked 
|  83|0x0000000706f00000, 0x0000000706f00000, 0x0000000707000000|  0%| F|  |TAMS 0x0000000706f00000, 0x0000000706f00000| Untracked 
|  84|0x0000000707000000, 0x0000000707000000, 0x0000000707100000|  0%| F|  |TAMS 0x0000000707000000, 0x0000000707000000| Untracked 
|  85|0x0000000707100000, 0x0000000707100000, 0x0000000707200000|  0%| F|  |TAMS 0x0000000707100000, 0x0000000707100000| Untracked 
|  86|0x0000000707200000, 0x0000000707200000, 0x0000000707300000|  0%| F|  |TAMS 0x0000000707200000, 0x0000000707200000| Untracked 
|  87|0x0000000707300000, 0x0000000707300000, 0x0000000707400000|  0%| F|  |TAMS 0x0000000707300000, 0x0000000707300000| Untracked 
|  88|0x0000000707400000, 0x0000000707400000, 0x0000000707500000|  0%| F|  |TAMS 0x0000000707400000, 0x0000000707400000| Untracked 
|  89|0x0000000707500000, 0x0000000707500000, 0x0000000707600000|  0%| F|  |TAMS 0x0000000707500000, 0x0000000707500000| Untracked 
|  90|0x0000000707600000, 0x0000000707600000, 0x0000000707700000|  0%| F|  |TAMS 0x0000000707600000, 0x0000000707600000| Untracked 
|  91|0x0000000707700000, 0x0000000707700000, 0x0000000707800000|  0%| F|  |TAMS 0x0000000707700000, 0x0000000707700000| Untracked 
|  92|0x0000000707800000, 0x0000000707800000, 0x0000000707900000|  0%| F|  |TAMS 0x0000000707800000, 0x0000000707800000| Untracked 
|  93|0x0000000707900000, 0x0000000707900000, 0x0000000707a00000|  0%| F|  |TAMS 0x0000000707900000, 0x0000000707900000| Untracked 
|  94|0x0000000707a00000, 0x0000000707a00000, 0x0000000707b00000|  0%| F|  |TAMS 0x0000000707a00000, 0x0000000707a00000| Untracked 
|  95|0x0000000707b00000, 0x0000000707b00000, 0x0000000707c00000|  0%| F|  |TAMS 0x0000000707b00000, 0x0000000707b00000| Untracked 
|  96|0x0000000707c00000, 0x0000000707c00000, 0x0000000707d00000|  0%| F|  |TAMS 0x0000000707c00000, 0x0000000707c00000| Untracked 
|  97|0x0000000707d00000, 0x0000000707d00000, 0x0000000707e00000|  0%| F|  |TAMS 0x0000000707d00000, 0x0000000707d00000| Untracked 
|  98|0x0000000707e00000, 0x0000000707e00000, 0x0000000707f00000|  0%| F|  |TAMS 0x0000000707e00000, 0x0000000707e00000| Untracked 
|  99|0x0000000707f00000, 0x0000000707f00000, 0x0000000708000000|  0%| F|  |TAMS 0x0000000707f00000, 0x0000000707f00000| Untracked 
| 100|0x0000000708000000, 0x0000000708000000, 0x0000000708100000|  0%| F|  |TAMS 0x0000000708000000, 0x0000000708000000| Untracked 
| 101|0x0000000708100000, 0x0000000708100000, 0x0000000708200000|  0%| F|  |TAMS 0x0000000708100000, 0x0000000708100000| Untracked 
| 102|0x0000000708200000, 0x0000000708200000, 0x0000000708300000|  0%| F|  |TAMS 0x0000000708200000, 0x0000000708200000| Untracked 
| 103|0x0000000708300000, 0x0000000708300000, 0x0000000708400000|  0%| F|  |TAMS 0x0000000708300000, 0x0000000708300000| Untracked 
| 104|0x0000000708400000, 0x0000000708400000, 0x0000000708500000|  0%| F|  |TAMS 0x0000000708400000, 0x0000000708400000| Untracked 
| 105|0x0000000708500000, 0x0000000708500000, 0x0000000708600000|  0%| F|  |TAMS 0x0000000708500000, 0x0000000708500000| Untracked 
| 106|0x0000000708600000, 0x0000000708600000, 0x0000000708700000|  0%| F|  |TAMS 0x0000000708600000, 0x0000000708600000| Untracked 
| 107|0x0000000708700000, 0x0000000708700000, 0x0000000708800000|  0%| F|  |TAMS 0x0000000708700000, 0x0000000708700000| Untracked 
| 108|0x0000000708800000, 0x0000000708800000, 0x0000000708900000|  0%| F|  |TAMS 0x0000000708800000, 0x0000000708800000| Untracked 
| 109|0x0000000708900000, 0x0000000708900000, 0x0000000708a00000|  0%| F|  |TAMS 0x0000000708900000, 0x0000000708900000| Untracked 
| 110|0x0000000708a00000, 0x0000000708a00000, 0x0000000708b00000|  0%| F|  |TAMS 0x0000000708a00000, 0x0000000708a00000| Untracked 
| 111|0x0000000708b00000, 0x0000000708b00000, 0x0000000708c00000|  0%| F|  |TAMS 0x0000000708b00000, 0x0000000708b00000| Untracked 
| 112|0x0000000708c00000, 0x0000000708c00000, 0x0000000708d00000|  0%| F|  |TAMS 0x0000000708c00000, 0x0000000708c00000| Untracked 
| 113|0x0000000708d00000, 0x0000000708d00000, 0x0000000708e00000|  0%| F|  |TAMS 0x0000000708d00000, 0x0000000708d00000| Untracked 
| 114|0x0000000708e00000, 0x0000000708e00000, 0x0000000708f00000|  0%| F|  |TAMS 0x0000000708e00000, 0x0000000708e00000| Untracked 
| 115|0x0000000708f00000, 0x0000000708f00000, 0x0000000709000000|  0%| F|  |TAMS 0x0000000708f00000, 0x0000000708f00000| Untracked 
| 116|0x0000000709000000, 0x0000000709000000, 0x0000000709100000|  0%| F|  |TAMS 0x0000000709000000, 0x0000000709000000| Untracked 
| 117|0x0000000709100000, 0x0000000709100000, 0x0000000709200000|  0%| F|  |TAMS 0x0000000709100000, 0x0000000709100000| Untracked 
| 118|0x0000000709200000, 0x0000000709200000, 0x0000000709300000|  0%| F|  |TAMS 0x0000000709200000, 0x0000000709200000| Untracked 
| 119|0x0000000709300000, 0x0000000709300000, 0x0000000709400000|  0%| F|  |TAMS 0x0000000709300000, 0x0000000709300000| Untracked 
| 120|0x0000000709400000, 0x0000000709400000, 0x0000000709500000|  0%| F|  |TAMS 0x0000000709400000, 0x0000000709400000| Untracked 
| 121|0x0000000709500000, 0x0000000709500000, 0x0000000709600000|  0%| F|  |TAMS 0x0000000709500000, 0x0000000709500000| Untracked 
| 122|0x0000000709600000, 0x0000000709600000, 0x0000000709700000|  0%| F|  |TAMS 0x0000000709600000, 0x0000000709600000| Untracked 
| 123|0x0000000709700000, 0x0000000709700000, 0x0000000709800000|  0%| F|  |TAMS 0x0000000709700000, 0x0000000709700000| Untracked 
| 124|0x0000000709800000, 0x0000000709800000, 0x0000000709900000|  0%| F|  |TAMS 0x0000000709800000, 0x0000000709800000| Untracked 
| 125|0x0000000709900000, 0x0000000709900000, 0x0000000709a00000|  0%| F|  |TAMS 0x0000000709900000, 0x0000000709900000| Untracked 
| 126|0x0000000709a00000, 0x0000000709a00000, 0x0000000709b00000|  0%| F|  |TAMS 0x0000000709a00000, 0x0000000709a00000| Untracked 
| 127|0x0000000709b00000, 0x0000000709b00000, 0x0000000709c00000|  0%| F|  |TAMS 0x0000000709b00000, 0x0000000709b00000| Untracked 
| 128|0x0000000709c00000, 0x0000000709c00000, 0x0000000709d00000|  0%| F|  |TAMS 0x0000000709c00000, 0x0000000709c00000| Untracked 
| 129|0x0000000709d00000, 0x0000000709d00000, 0x0000000709e00000|  0%| F|  |TAMS 0x0000000709d00000, 0x0000000709d00000| Untracked 
| 130|0x0000000709e00000, 0x0000000709e00000, 0x0000000709f00000|  0%| F|  |TAMS 0x0000000709e00000, 0x0000000709e00000| Untracked 
| 131|0x0000000709f00000, 0x0000000709f00000, 0x000000070a000000|  0%| F|  |TAMS 0x0000000709f00000, 0x0000000709f00000| Untracked 
| 132|0x000000070a000000, 0x000000070a000000, 0x000000070a100000|  0%| F|  |TAMS 0x000000070a000000, 0x000000070a000000| Untracked 
| 133|0x000000070a100000, 0x000000070a100000, 0x000000070a200000|  0%| F|  |TAMS 0x000000070a100000, 0x000000070a100000| Untracked 
| 134|0x000000070a200000, 0x000000070a200000, 0x000000070a300000|  0%| F|  |TAMS 0x000000070a200000, 0x000000070a200000| Untracked 
| 135|0x000000070a300000, 0x000000070a300000, 0x000000070a400000|  0%| F|  |TAMS 0x000000070a300000, 0x000000070a300000| Untracked 
| 136|0x000000070a400000, 0x000000070a400000, 0x000000070a500000|  0%| F|  |TAMS 0x000000070a400000, 0x000000070a400000| Untracked 
| 137|0x000000070a500000, 0x000000070a500000, 0x000000070a600000|  0%| F|  |TAMS 0x000000070a500000, 0x000000070a500000| Untracked 
| 138|0x000000070a600000, 0x000000070a600000, 0x000000070a700000|  0%| F|  |TAMS 0x000000070a600000, 0x000000070a600000| Untracked 
| 139|0x000000070a700000, 0x000000070a700000, 0x000000070a800000|  0%| F|  |TAMS 0x000000070a700000, 0x000000070a700000| Untracked 
| 140|0x000000070a800000, 0x000000070a800000, 0x000000070a900000|  0%| F|  |TAMS 0x000000070a800000, 0x000000070a800000| Untracked 
| 141|0x000000070a900000, 0x000000070a900000, 0x000000070aa00000|  0%| F|  |TAMS 0x000000070a900000, 0x000000070a900000| Untracked 
| 142|0x000000070aa00000, 0x000000070aa00000, 0x000000070ab00000|  0%| F|  |TAMS 0x000000070aa00000, 0x000000070aa00000| Untracked 
| 143|0x000000070ab00000, 0x000000070ab00000, 0x000000070ac00000|  0%| F|  |TAMS 0x000000070ab00000, 0x000000070ab00000| Untracked 
| 144|0x000000070ac00000, 0x000000070ac00000, 0x000000070ad00000|  0%| F|  |TAMS 0x000000070ac00000, 0x000000070ac00000| Untracked 
| 145|0x000000070ad00000, 0x000000070ad00000, 0x000000070ae00000|  0%| F|  |TAMS 0x000000070ad00000, 0x000000070ad00000| Untracked 
| 146|0x000000070ae00000, 0x000000070ae00000, 0x000000070af00000|  0%| F|  |TAMS 0x000000070ae00000, 0x000000070ae00000| Untracked 
| 147|0x000000070af00000, 0x000000070af00000, 0x000000070b000000|  0%| F|  |TAMS 0x000000070af00000, 0x000000070af00000| Untracked 
| 148|0x000000070b000000, 0x000000070b000000, 0x000000070b100000|  0%| F|  |TAMS 0x000000070b000000, 0x000000070b000000| Untracked 
| 149|0x000000070b100000, 0x000000070b100000, 0x000000070b200000|  0%| F|  |TAMS 0x000000070b100000, 0x000000070b100000| Untracked 
| 150|0x000000070b200000, 0x000000070b200000, 0x000000070b300000|  0%| F|  |TAMS 0x000000070b200000, 0x000000070b200000| Untracked 
| 151|0x000000070b300000, 0x000000070b300000, 0x000000070b400000|  0%| F|  |TAMS 0x000000070b300000, 0x000000070b300000| Untracked 
| 152|0x000000070b400000, 0x000000070b400000, 0x000000070b500000|  0%| F|  |TAMS 0x000000070b400000, 0x000000070b400000| Untracked 
| 153|0x000000070b500000, 0x000000070b500000, 0x000000070b600000|  0%| F|  |TAMS 0x000000070b500000, 0x000000070b500000| Untracked 
| 154|0x000000070b600000, 0x000000070b600000, 0x000000070b700000|  0%| F|  |TAMS 0x000000070b600000, 0x000000070b600000| Untracked 
| 155|0x000000070b700000, 0x000000070b700000, 0x000000070b800000|  0%| F|  |TAMS 0x000000070b700000, 0x000000070b700000| Untracked 
| 156|0x000000070b800000, 0x000000070b800000, 0x000000070b900000|  0%| F|  |TAMS 0x000000070b800000, 0x000000070b800000| Untracked 
| 157|0x000000070b900000, 0x000000070b900000, 0x000000070ba00000|  0%| F|  |TAMS 0x000000070b900000, 0x000000070b900000| Untracked 
| 158|0x000000070ba00000, 0x000000070ba00000, 0x000000070bb00000|  0%| F|  |TAMS 0x000000070ba00000, 0x000000070ba00000| Untracked 
| 159|0x000000070bb00000, 0x000000070bb00000, 0x000000070bc00000|  0%| F|  |TAMS 0x000000070bb00000, 0x000000070bb00000| Untracked 
| 160|0x000000070bc00000, 0x000000070bc00000, 0x000000070bd00000|  0%| F|  |TAMS 0x000000070bc00000, 0x000000070bc00000| Untracked 
| 161|0x000000070bd00000, 0x000000070bd00000, 0x000000070be00000|  0%| F|  |TAMS 0x000000070bd00000, 0x000000070bd00000| Untracked 
| 162|0x000000070be00000, 0x000000070be00000, 0x000000070bf00000|  0%| F|  |TAMS 0x000000070be00000, 0x000000070be00000| Untracked 
| 163|0x000000070bf00000, 0x000000070bf00000, 0x000000070c000000|  0%| F|  |TAMS 0x000000070bf00000, 0x000000070bf00000| Untracked 
| 164|0x000000070c000000, 0x000000070c000000, 0x000000070c100000|  0%| F|  |TAMS 0x000000070c000000, 0x000000070c000000| Untracked 
| 165|0x000000070c100000, 0x000000070c100000, 0x000000070c200000|  0%| F|  |TAMS 0x000000070c100000, 0x000000070c100000| Untracked 
| 166|0x000000070c200000, 0x000000070c200000, 0x000000070c300000|  0%| F|  |TAMS 0x000000070c200000, 0x000000070c200000| Untracked 
| 167|0x000000070c300000, 0x000000070c300000, 0x000000070c400000|  0%| F|  |TAMS 0x000000070c300000, 0x000000070c300000| Untracked 
| 168|0x000000070c400000, 0x000000070c400000, 0x000000070c500000|  0%| F|  |TAMS 0x000000070c400000, 0x000000070c400000| Untracked 
| 169|0x000000070c500000, 0x000000070c500000, 0x000000070c600000|  0%| F|  |TAMS 0x000000070c500000, 0x000000070c500000| Untracked 
| 170|0x000000070c600000, 0x000000070c600000, 0x000000070c700000|  0%| F|  |TAMS 0x000000070c600000, 0x000000070c600000| Untracked 
| 171|0x000000070c700000, 0x000000070c700000, 0x000000070c800000|  0%| F|  |TAMS 0x000000070c700000, 0x000000070c700000| Untracked 
| 172|0x000000070c800000, 0x000000070c800000, 0x000000070c900000|  0%| F|  |TAMS 0x000000070c800000, 0x000000070c800000| Untracked 
| 173|0x000000070c900000, 0x000000070c900000, 0x000000070ca00000|  0%| F|  |TAMS 0x000000070c900000, 0x000000070c900000| Untracked 
| 174|0x000000070ca00000, 0x000000070ca00000, 0x000000070cb00000|  0%| F|  |TAMS 0x000000070ca00000, 0x000000070ca00000| Untracked 
| 175|0x000000070cb00000, 0x000000070cb00000, 0x000000070cc00000|  0%| F|  |TAMS 0x000000070cb00000, 0x000000070cb00000| Untracked 
| 176|0x000000070cc00000, 0x000000070cc00000, 0x000000070cd00000|  0%| F|  |TAMS 0x000000070cc00000, 0x000000070cc00000| Untracked 
| 177|0x000000070cd00000, 0x000000070cd00000, 0x000000070ce00000|  0%| F|  |TAMS 0x000000070cd00000, 0x000000070cd00000| Untracked 
| 178|0x000000070ce00000, 0x000000070ce00000, 0x000000070cf00000|  0%| F|  |TAMS 0x000000070ce00000, 0x000000070ce00000| Untracked 
| 179|0x000000070cf00000, 0x000000070cf00000, 0x000000070d000000|  0%| F|  |TAMS 0x000000070cf00000, 0x000000070cf00000| Untracked 
| 180|0x000000070d000000, 0x000000070d000000, 0x000000070d100000|  0%| F|  |TAMS 0x000000070d000000, 0x000000070d000000| Untracked 
| 181|0x000000070d100000, 0x000000070d100000, 0x000000070d200000|  0%| F|  |TAMS 0x000000070d100000, 0x000000070d100000| Untracked 
| 182|0x000000070d200000, 0x000000070d200000, 0x000000070d300000|  0%| F|  |TAMS 0x000000070d200000, 0x000000070d200000| Untracked 
| 183|0x000000070d300000, 0x000000070d300000, 0x000000070d400000|  0%| F|  |TAMS 0x000000070d300000, 0x000000070d300000| Untracked 
| 184|0x000000070d400000, 0x000000070d400000, 0x000000070d500000|  0%| F|  |TAMS 0x000000070d400000, 0x000000070d400000| Untracked 
| 185|0x000000070d500000, 0x000000070d500000, 0x000000070d600000|  0%| F|  |TAMS 0x000000070d500000, 0x000000070d500000| Untracked 
| 186|0x000000070d600000, 0x000000070d600000, 0x000000070d700000|  0%| F|  |TAMS 0x000000070d600000, 0x000000070d600000| Untracked 
| 187|0x000000070d700000, 0x000000070d700000, 0x000000070d800000|  0%| F|  |TAMS 0x000000070d700000, 0x000000070d700000| Untracked 
| 188|0x000000070d800000, 0x000000070d800000, 0x000000070d900000|  0%| F|  |TAMS 0x000000070d800000, 0x000000070d800000| Untracked 
| 189|0x000000070d900000, 0x000000070d900000, 0x000000070da00000|  0%| F|  |TAMS 0x000000070d900000, 0x000000070d900000| Untracked 
| 190|0x000000070da00000, 0x000000070da00000, 0x000000070db00000|  0%| F|  |TAMS 0x000000070da00000, 0x000000070da00000| Untracked 
| 191|0x000000070db00000, 0x000000070db00000, 0x000000070dc00000|  0%| F|  |TAMS 0x000000070db00000, 0x000000070db00000| Untracked 
| 192|0x000000070dc00000, 0x000000070dc00000, 0x000000070dd00000|  0%| F|  |TAMS 0x000000070dc00000, 0x000000070dc00000| Untracked 
| 193|0x000000070dd00000, 0x000000070dd00000, 0x000000070de00000|  0%| F|  |TAMS 0x000000070dd00000, 0x000000070dd00000| Untracked 
| 194|0x000000070de00000, 0x000000070de00000, 0x000000070df00000|  0%| F|  |TAMS 0x000000070de00000, 0x000000070de00000| Untracked 
| 195|0x000000070df00000, 0x000000070df00000, 0x000000070e000000|  0%| F|  |TAMS 0x000000070df00000, 0x000000070df00000| Untracked 
| 196|0x000000070e000000, 0x000000070e000000, 0x000000070e100000|  0%| F|  |TAMS 0x000000070e000000, 0x000000070e000000| Untracked 
| 197|0x000000070e100000, 0x000000070e100000, 0x000000070e200000|  0%| F|  |TAMS 0x000000070e100000, 0x000000070e100000| Untracked 
| 198|0x000000070e200000, 0x000000070e200000, 0x000000070e300000|  0%| F|  |TAMS 0x000000070e200000, 0x000000070e200000| Untracked 
| 199|0x000000070e300000, 0x000000070e300000, 0x000000070e400000|  0%| F|  |TAMS 0x000000070e300000, 0x000000070e300000| Untracked 
| 200|0x000000070e400000, 0x000000070e400000, 0x000000070e500000|  0%| F|  |TAMS 0x000000070e400000, 0x000000070e400000| Untracked 
| 201|0x000000070e500000, 0x000000070e500000, 0x000000070e600000|  0%| F|  |TAMS 0x000000070e500000, 0x000000070e500000| Untracked 
| 202|0x000000070e600000, 0x000000070e600000, 0x000000070e700000|  0%| F|  |TAMS 0x000000070e600000, 0x000000070e600000| Untracked 
| 203|0x000000070e700000, 0x000000070e700000, 0x000000070e800000|  0%| F|  |TAMS 0x000000070e700000, 0x000000070e700000| Untracked 
| 204|0x000000070e800000, 0x000000070e800000, 0x000000070e900000|  0%| F|  |TAMS 0x000000070e800000, 0x000000070e800000| Untracked 
| 205|0x000000070e900000, 0x000000070e900000, 0x000000070ea00000|  0%| F|  |TAMS 0x000000070e900000, 0x000000070e900000| Untracked 
| 206|0x000000070ea00000, 0x000000070ea00000, 0x000000070eb00000|  0%| F|  |TAMS 0x000000070ea00000, 0x000000070ea00000| Untracked 
| 207|0x000000070eb00000, 0x000000070eb00000, 0x000000070ec00000|  0%| F|  |TAMS 0x000000070eb00000, 0x000000070eb00000| Untracked 
| 208|0x000000070ec00000, 0x000000070ec00000, 0x000000070ed00000|  0%| F|  |TAMS 0x000000070ec00000, 0x000000070ec00000| Untracked 
| 209|0x000000070ed00000, 0x000000070ed00000, 0x000000070ee00000|  0%| F|  |TAMS 0x000000070ed00000, 0x000000070ed00000| Untracked 
| 210|0x000000070ee00000, 0x000000070ee00000, 0x000000070ef00000|  0%| F|  |TAMS 0x000000070ee00000, 0x000000070ee00000| Untracked 
| 211|0x000000070ef00000, 0x000000070ef00000, 0x000000070f000000|  0%| F|  |TAMS 0x000000070ef00000, 0x000000070ef00000| Untracked 
| 212|0x000000070f000000, 0x000000070f0d2e40, 0x000000070f100000| 82%| S|CS|TAMS 0x000000070f000000, 0x000000070f000000| Complete 
| 213|0x000000070f100000, 0x000000070f200000, 0x000000070f200000|100%| S|CS|TAMS 0x000000070f100000, 0x000000070f100000| Complete 
| 214|0x000000070f200000, 0x000000070f300000, 0x000000070f300000|100%| S|CS|TAMS 0x000000070f200000, 0x000000070f200000| Complete 
| 215|0x000000070f300000, 0x000000070f400000, 0x000000070f400000|100%| S|CS|TAMS 0x000000070f300000, 0x000000070f300000| Complete 
| 216|0x000000070f400000, 0x000000070f500000, 0x000000070f500000|100%| S|CS|TAMS 0x000000070f400000, 0x000000070f400000| Complete 
| 217|0x000000070f500000, 0x000000070f500000, 0x000000070f600000|  0%| F|  |TAMS 0x000000070f500000, 0x000000070f500000| Untracked 
| 218|0x000000070f600000, 0x000000070f600000, 0x000000070f700000|  0%| F|  |TAMS 0x000000070f600000, 0x000000070f600000| Untracked 
| 219|0x000000070f700000, 0x000000070f700000, 0x000000070f800000|  0%| F|  |TAMS 0x000000070f700000, 0x000000070f700000| Untracked 
| 220|0x000000070f800000, 0x000000070f800000, 0x000000070f900000|  0%| F|  |TAMS 0x000000070f800000, 0x000000070f800000| Untracked 
| 221|0x000000070f900000, 0x000000070f900000, 0x000000070fa00000|  0%| F|  |TAMS 0x000000070f900000, 0x000000070f900000| Untracked 
| 222|0x000000070fa00000, 0x000000070fa00000, 0x000000070fb00000|  0%| F|  |TAMS 0x000000070fa00000, 0x000000070fa00000| Untracked 
| 223|0x000000070fb00000, 0x000000070fb00000, 0x000000070fc00000|  0%| F|  |TAMS 0x000000070fb00000, 0x000000070fb00000| Untracked 
| 224|0x000000070fc00000, 0x000000070fc00000, 0x000000070fd00000|  0%| F|  |TAMS 0x000000070fc00000, 0x000000070fc00000| Untracked 
| 225|0x000000070fd00000, 0x000000070fd00000, 0x000000070fe00000|  0%| F|  |TAMS 0x000000070fd00000, 0x000000070fd00000| Untracked 
| 226|0x000000070fe00000, 0x000000070fe00000, 0x000000070ff00000|  0%| F|  |TAMS 0x000000070fe00000, 0x000000070fe00000| Untracked 
| 227|0x000000070ff00000, 0x000000070ff00000, 0x0000000710000000|  0%| F|  |TAMS 0x000000070ff00000, 0x000000070ff00000| Untracked 
| 228|0x0000000710000000, 0x0000000710000000, 0x0000000710100000|  0%| F|  |TAMS 0x0000000710000000, 0x0000000710000000| Untracked 
| 229|0x0000000710100000, 0x0000000710100000, 0x0000000710200000|  0%| F|  |TAMS 0x0000000710100000, 0x0000000710100000| Untracked 
| 230|0x0000000710200000, 0x0000000710200000, 0x0000000710300000|  0%| F|  |TAMS 0x0000000710200000, 0x0000000710200000| Untracked 
| 231|0x0000000710300000, 0x0000000710300000, 0x0000000710400000|  0%| F|  |TAMS 0x0000000710300000, 0x0000000710300000| Untracked 
| 232|0x0000000710400000, 0x0000000710400000, 0x0000000710500000|  0%| F|  |TAMS 0x0000000710400000, 0x0000000710400000| Untracked 
| 233|0x0000000710500000, 0x0000000710500000, 0x0000000710600000|  0%| F|  |TAMS 0x0000000710500000, 0x0000000710500000| Untracked 
| 234|0x0000000710600000, 0x0000000710600000, 0x0000000710700000|  0%| F|  |TAMS 0x0000000710600000, 0x0000000710600000| Untracked 
| 235|0x0000000710700000, 0x0000000710700000, 0x0000000710800000|  0%| F|  |TAMS 0x0000000710700000, 0x0000000710700000| Untracked 
| 236|0x0000000710800000, 0x0000000710800000, 0x0000000710900000|  0%| F|  |TAMS 0x0000000710800000, 0x0000000710800000| Untracked 
| 237|0x0000000710900000, 0x0000000710900000, 0x0000000710a00000|  0%| F|  |TAMS 0x0000000710900000, 0x0000000710900000| Untracked 
| 238|0x0000000710a00000, 0x0000000710a80800, 0x0000000710b00000| 50%| E|  |TAMS 0x0000000710a00000, 0x0000000710a00000| Complete 
| 239|0x0000000710b00000, 0x0000000710c00000, 0x0000000710c00000|100%| E|CS|TAMS 0x0000000710b00000, 0x0000000710b00000| Complete 
| 240|0x0000000710c00000, 0x0000000710d00000, 0x0000000710d00000|100%| E|CS|TAMS 0x0000000710c00000, 0x0000000710c00000| Complete 
| 241|0x0000000710d00000, 0x0000000710e00000, 0x0000000710e00000|100%| E|CS|TAMS 0x0000000710d00000, 0x0000000710d00000| Complete 
| 242|0x0000000710e00000, 0x0000000710f00000, 0x0000000710f00000|100%| E|CS|TAMS 0x0000000710e00000, 0x0000000710e00000| Complete 
| 243|0x0000000710f00000, 0x0000000711000000, 0x0000000711000000|100%| E|CS|TAMS 0x0000000710f00000, 0x0000000710f00000| Complete 
| 244|0x0000000711000000, 0x0000000711100000, 0x0000000711100000|100%| E|CS|TAMS 0x0000000711000000, 0x0000000711000000| Complete 
| 245|0x0000000711100000, 0x0000000711200000, 0x0000000711200000|100%| E|CS|TAMS 0x0000000711100000, 0x0000000711100000| Complete 
| 246|0x0000000711200000, 0x0000000711300000, 0x0000000711300000|100%| E|CS|TAMS 0x0000000711200000, 0x0000000711200000| Complete 
| 247|0x0000000711300000, 0x0000000711400000, 0x0000000711400000|100%| E|CS|TAMS 0x0000000711300000, 0x0000000711300000| Complete 
| 248|0x0000000711400000, 0x0000000711500000, 0x0000000711500000|100%| E|CS|TAMS 0x0000000711400000, 0x0000000711400000| Complete 
| 249|0x0000000711500000, 0x0000000711600000, 0x0000000711600000|100%| E|CS|TAMS 0x0000000711500000, 0x0000000711500000| Complete 
| 250|0x0000000711600000, 0x0000000711700000, 0x0000000711700000|100%| E|CS|TAMS 0x0000000711600000, 0x0000000711600000| Complete 
| 251|0x0000000711700000, 0x0000000711800000, 0x0000000711800000|100%| E|CS|TAMS 0x0000000711700000, 0x0000000711700000| Complete 
| 252|0x0000000711800000, 0x0000000711900000, 0x0000000711900000|100%| E|CS|TAMS 0x0000000711800000, 0x0000000711800000| Complete 
| 253|0x0000000711900000, 0x0000000711a00000, 0x0000000711a00000|100%| E|CS|TAMS 0x0000000711900000, 0x0000000711900000| Complete 
| 254|0x0000000711a00000, 0x0000000711b00000, 0x0000000711b00000|100%| E|CS|TAMS 0x0000000711a00000, 0x0000000711a00000| Complete 
| 255|0x0000000711b00000, 0x0000000711c00000, 0x0000000711c00000|100%| E|CS|TAMS 0x0000000711b00000, 0x0000000711b00000| Complete 

Card table byte_map: [0x000002d52e5b0000,0x000002d52edb0000] _byte_map_base: 0x000002d52ada2000

Marking Bits (Prev, Next): (CMBitMap*) 0x000002d51647e300, (CMBitMap*) 0x000002d51647e2c8
 Prev Bits: [0x000002d533540000, 0x000002d5374d0000)
 Next Bits: [0x000002d52f5b0000, 0x000002d533540000)

Polling page: 0x000002d515bf0000

Metaspace:

Usage:
  Non-class:     20.78 MB capacity,    20.34 MB ( 98%) used,   355.28 KB (  2%) free+waste,    86.88 KB ( <1%) overhead. 
      Class:      2.92 MB capacity,     2.61 MB ( 89%) used,   269.98 KB (  9%) free+waste,    44.00 KB (  1%) overhead. 
       Both:     23.69 MB capacity,    22.95 MB ( 97%) used,   625.27 KB (  3%) free+waste,   130.88 KB ( <1%) overhead. 

Virtual space:
  Non-class space:       22.00 MB reserved,      21.00 MB ( 95%) committed 
      Class space:        1.00 GB reserved,       3.00 MB ( <1%) committed 
             Both:        1.02 GB reserved,      24.00 MB (  2%) committed 

Chunk freelists:
   Non-Class:  38.00 KB
       Class:  20.00 KB
        Both:  58.00 KB

MaxMetaspaceSize: 17179869184.00 GB
CompressedClassSpaceSize: 1.00 GB

CodeHeap 'non-profiled nmethods': size=120000Kb used=782Kb max_used=782Kb free=119217Kb
 bounds [0x000002d526550000, 0x000002d5267c0000, 0x000002d52da80000]
CodeHeap 'profiled nmethods': size=120000Kb used=3534Kb max_used=3537Kb free=116465Kb
 bounds [0x000002d51f020000, 0x000002d51f3a0000, 0x000002d526550000]
CodeHeap 'non-nmethods': size=5760Kb used=1119Kb max_used=1139Kb free=4640Kb
 bounds [0x000002d51ea80000, 0x000002d51ecf0000, 0x000002d51f020000]
 total_blobs=2260 nmethods=1827 adapters=344
 compilation: enabled
              stopped_count=0, restarted_count=0
 full_count=0

Compilation events (20 events):
Event: 1.671 Thread 0x000002d53a961800 nmethod 1920 0x000002d51f06fd90 code [0x000002d51f06ff60, 0x000002d51f070258]
Event: 1.671 Thread 0x000002d53a961800 1921       3       java.lang.invoke.LambdaForm::expressionCount (11 bytes)
Event: 1.671 Thread 0x000002d53a961800 nmethod 1921 0x000002d51f065210 code [0x000002d51f0653c0, 0x000002d51f0654d8]
Event: 1.671 Thread 0x000002d53a961800 1922       3       java.lang.invoke.LambdaForm$MH/0x00000008000de840::invoke (31 bytes)
Event: 1.671 Thread 0x000002d53a961800 nmethod 1922 0x000002d51f083990 code [0x000002d51f083b60, 0x000002d51f084058]
Event: 1.675 Thread 0x000002d53a961800 1923       3       java.lang.invoke.LambdaFormEditor::bindArgumentType (101 bytes)
Event: 1.676 Thread 0x000002d53a961800 nmethod 1923 0x000002d51f069090 code [0x000002d51f069260, 0x000002d51f069488]
Event: 1.676 Thread 0x000002d53a961800 1924       3       java.lang.invoke.LambdaFormEditor::bindArgumentForm (269 bytes)
Event: 1.678 Thread 0x000002d53a961800 nmethod 1924 0x000002d51f11ae10 code [0x000002d51f11b1e0, 0x000002d51f11cbc8]
Event: 1.678 Thread 0x000002d53a961800 1925       3       java.lang.invoke.LambdaFormEditor$Transform::of (49 bytes)
Event: 1.679 Thread 0x000002d53a961800 nmethod 1925 0x000002d51f082a90 code [0x000002d51f082ce0, 0x000002d51f0835f8]
Event: 1.679 Thread 0x000002d53a961800 1926       3       java.lang.invoke.LambdaFormEditor$Transform::packedBytes (32 bytes)
Event: 1.679 Thread 0x000002d53a961800 nmethod 1926 0x000002d51f068910 code [0x000002d51f068ac0, 0x000002d51f068bb8]
Event: 1.679 Thread 0x000002d53a961800 1928       3       java.lang.System::checkKey (34 bytes)
Event: 1.679 Thread 0x000002d53a961800 nmethod 1928 0x000002d51f082410 code [0x000002d51f082600, 0x000002d51f082928]
Event: 1.680 Thread 0x000002d53a961800 1929       3       sun.reflect.generics.reflectiveObjects.ParameterizedTypeImpl::getActualTypeArguments (11 bytes)
Event: 1.680 Thread 0x000002d53a961800 nmethod 1929 0x000002d51f081d10 code [0x000002d51f081ee0, 0x000002d51f0821c8]
Event: 1.685 Thread 0x000002d53a961800 1930       3       java.lang.String::indexOf (65 bytes)
Event: 1.686 Thread 0x000002d53a961800 nmethod 1930 0x000002d51f0ac790 code [0x000002d51f0aca00, 0x000002d51f0ad388]
Event: 1.690 Thread 0x000002d53a961800 1931       3       java.util.HashSet::<init> (18 bytes)

GC Heap History (4 events):
Event: 0.721 GC heap before
{Heap before GC invocations=0 (full 0):
 garbage-first heap   total 262144K, used 23552K [0x0000000701c00000, 0x0000000800000000)
  region size 1024K, 24 young (24576K), 0 survivors (0K)
 Metaspace       used 12929K, capacity 13327K, committed 13568K, reserved 1060864K
  class space    used 1331K, capacity 1480K, committed 1536K, reserved 1048576K
}
Event: 0.725 GC heap after
{Heap after GC invocations=1 (full 0):
 garbage-first heap   total 262144K, used 5998K [0x0000000701c00000, 0x0000000800000000)
  region size 1024K, 3 young (3072K), 3 survivors (3072K)
 Metaspace       used 12929K, capacity 13327K, committed 13568K, reserved 1060864K
  class space    used 1331K, capacity 1480K, committed 1536K, reserved 1048576K
}
Event: 1.525 GC heap before
{Heap before GC invocations=1 (full 0):
 garbage-first heap   total 262144K, used 41838K [0x0000000701c00000, 0x0000000800000000)
  region size 1024K, 39 young (39936K), 3 survivors (3072K)
 Metaspace       used 20490K, capacity 21172K, committed 21248K, reserved 1069056K
  class space    used 2277K, capacity 2550K, committed 2560K, reserved 1048576K
}
Event: 1.532 GC heap after
{Heap after GC invocations=2 (full 0):
 garbage-first heap   total 262144K, used 7866K [0x0000000701c00000, 0x0000000800000000)
  region size 1024K, 5 young (5120K), 5 survivors (5120K)
 Metaspace       used 20490K, capacity 21172K, committed 21248K, reserved 1069056K
  class space    used 2277K, capacity 2550K, committed 2560K, reserved 1048576K
}

Deoptimization events (20 events):
Event: 1.637 Thread 0x000002d53c6a0800 Uncommon trap: trap_request=0xffffff4d fr.pc=0x000002d526602430 relative=0x00000000000013b0
Event: 1.637 Thread 0x000002d53c6a0800 Uncommon trap: reason=unstable_if action=reinterpret pc=0x000002d526602430 method=java.util.concurrent.ConcurrentHashMap.transfer([Ljava/util/concurrent/ConcurrentHashMap$Node;[Ljava/util/concurrent/ConcurrentHashMap$Node;)V @ 34 c2
Event: 1.637 Thread 0x000002d53c6a0800 DEOPT PACKING pc=0x000002d526602430 sp=0x000000e7604fde20
Event: 1.637 Thread 0x000002d516419000 Uncommon trap: trap_request=0xffffff4d fr.pc=0x000002d526602554 relative=0x00000000000014d4
Event: 1.637 Thread 0x000002d516419000 Uncommon trap: reason=unstable_if action=reinterpret pc=0x000002d526602554 method=java.util.concurrent.ConcurrentHashMap.transfer([Ljava/util/concurrent/ConcurrentHashMap$Node;[Ljava/util/concurrent/ConcurrentHashMap$Node;)V @ 273 c2
Event: 1.637 Thread 0x000002d53c6a0800 DEOPT UNPACKING pc=0x000002d51eaa772f sp=0x000000e7604fdde0 mode 2
Event: 1.637 Thread 0x000002d516419000 DEOPT PACKING pc=0x000002d526602554 sp=0x000000e75e9fa360
Event: 1.637 Thread 0x000002d516419000 DEOPT UNPACKING pc=0x000002d51eaa772f sp=0x000000e75e9fa300 mode 2
Event: 1.637 Thread 0x000002d516419000 Uncommon trap: trap_request=0xffffff4d fr.pc=0x000002d5265d7f10 relative=0x00000000000001b0
Event: 1.637 Thread 0x000002d516419000 Uncommon trap: reason=unstable_if action=reinterpret pc=0x000002d5265d7f10 method=java.util.concurrent.ConcurrentHashMap.addCount(JI)V @ 168 c2
Event: 1.637 Thread 0x000002d516419000 DEOPT PACKING pc=0x000002d5265d7f10 sp=0x000000e75e9fa470
Event: 1.637 Thread 0x000002d516419000 DEOPT UNPACKING pc=0x000002d51eaa772f sp=0x000000e75e9fa3b0 mode 2
Event: 1.658 Thread 0x000002d53c6a0800 Uncommon trap: trap_request=0xffffff4d fr.pc=0x000002d5265a0c90 relative=0x00000000000004b0
Event: 1.658 Thread 0x000002d53c6a0800 Uncommon trap: reason=unstable_if action=reinterpret pc=0x000002d5265a0c90 method=jdk.internal.org.objectweb.asm.Type.getArgumentsAndReturnSizes(Ljava/lang/String;)I @ 130 c2
Event: 1.658 Thread 0x000002d53c6a0800 DEOPT PACKING pc=0x000002d5265a0c90 sp=0x000000e7604fd3d0
Event: 1.658 Thread 0x000002d53c6a0800 DEOPT UNPACKING pc=0x000002d51eaa772f sp=0x000000e7604fd368 mode 2
Event: 1.676 Thread 0x000002d53ae77000 Uncommon trap: trap_request=0xffffff4d fr.pc=0x000002d5265d486c relative=0x00000000000001cc
Event: 1.676 Thread 0x000002d53ae77000 Uncommon trap: reason=unstable_if action=reinterpret pc=0x000002d5265d486c method=java.lang.String.indexOf(Ljava/lang/String;)I @ 8 c2
Event: 1.676 Thread 0x000002d53ae77000 DEOPT PACKING pc=0x000002d5265d486c sp=0x000000e75fbfeb00
Event: 1.676 Thread 0x000002d53ae77000 DEOPT UNPACKING pc=0x000002d51eaa772f sp=0x000000e75fbfeaa8 mode 2

Classes redefined (0 events):
No events

Internal exceptions (20 events):
Event: 1.215 Thread 0x000002d516419000 Exception <a 'java/lang/NoSuchMethodError'{0x00000007100857f8}: 'void java.lang.invoke.DirectMethodHandle$Holder.invokeSpecial(java.lang.Object, java.lang.Object, java.lang.Object, java.lang.Object, java.lang.Object, java.lang.Object)'> (0x00000007100857f8) thrown at [./src/hotspot/share/interpreter/linkResolver.cpp, line 773]
Event: 1.224 Thread 0x000002d516419000 Exception <a 'java/lang/NoSuchMethodError'{0x000000070ff214f8}: 'int java.lang.invoke.DirectMethodHandle$Holder.invokeVirtual(java.lang.Object, java.lang.Object, java.lang.Object)'> (0x000000070ff214f8) thrown at [./src/hotspot/share/interpreter/linkResolver.cpp, line 773]
Event: 1.318 Thread 0x000002d516419000 Exception <a 'java/lang/NoSuchMethodError'{0x000000070fc7d3a8}: 'java.lang.Object java.lang.invoke.DirectMethodHandle$Holder.invokeInterface(java.lang.Object, java.lang.Object, java.lang.Object)'> (0x000000070fc7d3a8) thrown at [./src/hotspot/share/interpreter/linkResolver.cpp, line 773]
Event: 1.318 Thread 0x000002d516419000 Exception <a 'java/lang/IncompatibleClassChangeError'{0x000000070fc80ad8}: Found class java.lang.Object, but interface was expected> (0x000000070fc80ad8) thrown at [./src/hotspot/share/interpreter/linkResolver.cpp, line 839]
Event: 1.335 Thread 0x000002d516419000 Exception <a 'java/lang/NoSuchMethodError'{0x000000070fb273b0}: 'int java.lang.invoke.DirectMethodHandle$Holder.invokeSpecial(java.lang.Object, java.lang.Object, java.lang.Object, java.lang.Object)'> (0x000000070fb273b0) thrown at [./src/hotspot/share/interpreter/linkResolver.cpp, line 773]
Event: 1.370 Thread 0x000002d516419000 Exception <a 'java/lang/NoSuchMethodError'{0x000000070fa73b38}: 'java.lang.Object java.lang.invoke.DirectMethodHandle$Holder.invokeSpecial(java.lang.Object, java.lang.Object, java.lang.Object, java.lang.Object, java.lang.Object, java.lang.Object, int)'> (0x000000070fa73b38) thrown at [./src/hotspot/share/interpreter/linkResolver.cpp, line 773]
Event: 1.371 Thread 0x000002d516419000 Exception <a 'java/lang/NoSuchMethodError'{0x000000070fa7d7c8}: 'java.lang.Object java.lang.invoke.DirectMethodHandle$Holder.invokeStatic(java.lang.Object, java.lang.Object, java.lang.Object, java.lang.Object, java.lang.Object, java.lang.Object, int)'> (0x000000070fa7d7c8) thrown at [./src/hotspot/share/interpreter/linkResolver.cpp, line 773]
Event: 1.372 Thread 0x000002d516419000 Exception <a 'java/lang/NoSuchMethodError'{0x000000070fa81ff8}: 'java.lang.Object java.lang.invoke.DirectMethodHandle$Holder.invokeSpecial(java.lang.Object, java.lang.Object, java.lang.Object, java.lang.Object, java.lang.Object, java.lang.Object, java.lang.Object, int)'> (0x000000070fa81ff8) thrown at [./src/hotspot/share/interpreter/linkResolver.cpp, line 773]
Event: 1.419 Thread 0x000002d516419000 Exception <a 'java/lang/NoSuchMethodError'{0x000000070f88bd60}: 'java.lang.Object java.lang.invoke.DirectMethodHandle$Holder.invokeStatic(java.lang.Object, java.lang.Object, java.lang.Object, int, java.lang.Object)'> (0x000000070f88bd60) thrown at [./src/hotspot/share/interpreter/linkResolver.cpp, line 773]
Event: 1.419 Thread 0x000002d516419000 Exception <a 'java/lang/NoSuchMethodError'{0x000000070f892cb8}: 'java.lang.Object java.lang.invoke.Invokers$Holder.linkToTargetMethod(java.lang.Object, java.lang.Object, int, java.lang.Object, java.lang.Object)'> (0x000000070f892cb8) thrown at [./src/hotspot/share/interpreter/linkResolver.cpp, line 773]
Event: 1.421 Thread 0x000002d516419000 Exception <a 'java/lang/NoSuchMethodError'{0x000000070f8a3128}: 'int java.lang.invoke.DirectMethodHandle$Holder.invokeStatic(java.lang.Object, int, java.lang.Object, java.lang.Object)'> (0x000000070f8a3128) thrown at [./src/hotspot/share/interpreter/linkResolver.cpp, line 773]
Event: 1.422 Thread 0x000002d516419000 Exception <a 'java/lang/NoSuchMethodError'{0x000000070f8aa788}: 'java.lang.Object java.lang.invoke.DirectMethodHandle$Holder.invokeStatic(java.lang.Object, int, java.lang.Object)'> (0x000000070f8aa788) thrown at [./src/hotspot/share/interpreter/linkResolver.cpp, line 773]
Event: 1.468 Thread 0x000002d516419000 Exception <a 'java/lang/NoSuchMethodError'{0x000000070f6557a0}: 'void java.lang.invoke.DirectMethodHandle$Holder.invokeStaticInit(java.lang.Object, java.lang.Object)'> (0x000000070f6557a0) thrown at [./src/hotspot/share/interpreter/linkResolver.cpp, line 773]
Event: 1.597 Thread 0x000002d53c6a0800 Exception <a 'java/lang/NoClassDefFoundError'{0x000000071191e040}: javax/validation/Validation> (0x000000071191e040) thrown at [./src/hotspot/share/classfile/systemDictionary.cpp, line 220]
Event: 1.642 Thread 0x000002d53c6a0800 Exception <a 'java/lang/NoSuchMethodError'{0x00000007115b1348}: 'java.lang.Object java.lang.invoke.DirectMethodHandle$Holder.invokeStaticInit(java.lang.Object, java.lang.Object, java.lang.Object, java.lang.Object, java.lang.Object)'> (0x00000007115b1348) thrown at [./src/hotspot/share/interpreter/linkResolver.cpp, line 773]
Event: 1.653 Thread 0x000002d53c6a0800 Exception <a 'java/lang/NoSuchMethodError'{0x0000000711499560}: 'java.lang.Object java.lang.invoke.DirectMethodHandle$Holder.invokeStatic(java.lang.Object, java.lang.Object, java.lang.Object, java.lang.Object, java.lang.Object, java.lang.Object, java.lang.Object, java.lang.Object, java.lang.Object, java.lang.Object, java.lang.Object, java.lang.Object, java.lang.Object, java.lang.Object, java.lang.Object)'> (0x0000000711499560) thrown at [./src/hotspot/share/interpreter/linkResolver.cpp, line 773]
Event: 1.654 Thread 0x000002d53c6a0800 Exception <a 'java/lang/NoSuchMethodError'{0x00000007114a72c0}: 'java.lang.Object java.lang.invoke.DirectMethodHandle$Holder.invokeStatic(java.lang.Object, java.lang.Object, java.lang.Object, java.lang.Object, java.lang.Object, java.lang.Object, java.lang.Object, java.lang.Object, java.lang.Object, java.lang.Object, java.lang.Object, java.lang.Object, java.lang.Object, java.lang.Object, java.lang.Object, java.lang.Object)'> (0x00000007114a72c0) thrown at [./src/hotspot/share/interpreter/linkResolver.cpp, l
Event: 1.655 Thread 0x000002d53c6a0800 Exception <a 'java/lang/NoSuchMethodError'{0x00000007114b4f30}: 'java.lang.Object java.lang.invoke.DirectMethodHandle$Holder.invokeSpecial(java.lang.Object, java.lang.Object, int, int, java.lang.Object, java.lang.Object, java.lang.Object)'> (0x00000007114b4f30) thrown at [./src/hotspot/share/interpreter/linkResolver.cpp, line 773]
Event: 1.656 Thread 0x000002d53c6a0800 Exception <a 'java/lang/NoSuchMethodError'{0x00000007114b84c0}: 'java.lang.Object java.lang.invoke.DelegatingMethodHandle$Holder.reinvoke_L(java.lang.Object, int, int, java.lang.Object, java.lang.Object, java.lang.Object)'> (0x00000007114b84c0) thrown at [./src/hotspot/share/interpreter/linkResolver.cpp, line 773]
Event: 1.656 Thread 0x000002d53c6a0800 Exception <a 'java/lang/NoSuchMethodError'{0x00000007114bc3a0}: 'java.lang.Object java.lang.invoke.DirectMethodHandle$Holder.invokeStatic(java.lang.Object, java.lang.Object, java.lang.Object, java.lang.Object, int)'> (0x00000007114bc3a0) thrown at [./src/hotspot/share/interpreter/linkResolver.cpp, line 773]

Events (20 events):
Event: 1.685 loading class org/springframework/boot/web/context/WebServerInitializedEvent
Event: 1.685 loading class org/springframework/boot/web/context/WebServerInitializedEvent done
Event: 1.686 loading class com/fasterxml/jackson/core/JacksonException
Event: 1.686 loading class com/fasterxml/jackson/core/JacksonException done
Event: 1.687 loading class org/springframework/boot/autoconfigure/logging/ConditionEvaluationReportLoggingListener$ConditionEvaluationReportListener
Event: 1.687 loading class org/springframework/boot/autoconfigure/logging/ConditionEvaluationReportLoggingListener$ConditionEvaluationReportListener done
Event: 1.687 loading class org/springframework/boot/autoconfigure/condition/ConditionEvaluationReport
Event: 1.687 loading class org/springframework/boot/autoconfigure/condition/ConditionEvaluationReport done
Event: 1.688 loading class com/fasterxml/jackson/core/JsonEncoding
Event: 1.688 loading class com/fasterxml/jackson/core/JsonEncoding done
Event: 1.688 loading class org/springframework/context/annotation/Condition
Event: 1.688 loading class org/springframework/context/annotation/Condition done
Event: 1.689 loading class org/springframework/boot/autoconfigure/condition/ConditionEvaluationReport$AncestorsMatchedCondition
Event: 1.689 loading class org/springframework/boot/autoconfigure/condition/ConditionEvaluationReport$AncestorsMatchedCondition done
Event: 1.689 loading class org/springframework/http/converter/json/Jackson2ObjectMapperBuilder
Event: 1.689 loading class org/springframework/http/converter/json/Jackson2ObjectMapperBuilder done
Event: 1.690 loading class org/springframework/context/ConfigurableApplicationContext
Event: 1.690 loading class org/springframework/context/ConfigurableApplicationContext done
Event: 1.690 loading class org/springframework/context/ConfigurableApplicationContext
Event: 1.690 loading class org/springframework/context/ConfigurableApplicationContext done


Dynamic libraries:
0x00007ff7e7bc0000 - 0x00007ff7e7bcd000 	C:\Program Files\Amazon Corretto\jdk11.0.8_10\bin\java.exe
0x00007ffd84f70000 - 0x00007ffd85165000 	C:\WINDOWS\SYSTEM32\ntdll.dll
0x00007ffd832c0000 - 0x00007ffd8337d000 	C:\WINDOWS\System32\KERNEL32.DLL
0x00007ffd82740000 - 0x00007ffd82a09000 	C:\WINDOWS\System32\KERNELBASE.dll
0x00007ffd82d10000 - 0x00007ffd82e10000 	C:\WINDOWS\System32\ucrtbase.dll
0x00007ffd7bdd0000 - 0x00007ffd7bde5000 	C:\Program Files\Amazon Corretto\jdk11.0.8_10\bin\VCRUNTIME140.dll
0x00007ffd7be10000 - 0x00007ffd7be27000 	C:\Program Files\Amazon Corretto\jdk11.0.8_10\bin\jli.dll
0x00007ffd84a30000 - 0x00007ffd84bd0000 	C:\WINDOWS\System32\USER32.dll
0x00007ffd82ce0000 - 0x00007ffd82d02000 	C:\WINDOWS\System32\win32u.dll
0x00007ffd6a800000 - 0x00007ffd6aa9a000 	C:\WINDOWS\WinSxS\amd64_microsoft.windows.common-controls_6595b64144ccf1df_6.0.19041.1083_none_60bbe31371f34e71\COMCTL32.dll
0x00007ffd83000000 - 0x00007ffd8302a000 	C:\WINDOWS\System32\GDI32.dll
0x00007ffd84010000 - 0x00007ffd840ae000 	C:\WINDOWS\System32\msvcrt.dll
0x00007ffd82bd0000 - 0x00007ffd82cdb000 	C:\WINDOWS\System32\gdi32full.dll
0x00007ffd82e90000 - 0x00007ffd82f2d000 	C:\WINDOWS\System32\msvcp_win.dll
0x00007ffd83030000 - 0x00007ffd83060000 	C:\WINDOWS\System32\IMM32.DLL
0x00007ffd5c870000 - 0x00007ffd5c90b000 	C:\Program Files\Amazon Corretto\jdk11.0.8_10\bin\msvcp140.dll
0x00007ffd3af30000 - 0x00007ffd3b9ed000 	C:\Program Files\Amazon Corretto\jdk11.0.8_10\bin\server\jvm.dll
0x00007ffd83f60000 - 0x00007ffd8400c000 	C:\WINDOWS\System32\ADVAPI32.dll
0x00007ffd845f0000 - 0x00007ffd8468b000 	C:\WINDOWS\System32\sechost.dll
0x00007ffd83650000 - 0x00007ffd8377a000 	C:\WINDOWS\System32\RPCRT4.dll
0x00007ffd83810000 - 0x00007ffd83818000 	C:\WINDOWS\System32\PSAPI.DLL
0x00007ffd7c1f0000 - 0x00007ffd7c217000 	C:\WINDOWS\SYSTEM32\WINMM.dll
0x00007ffd74d60000 - 0x00007ffd74d69000 	C:\WINDOWS\SYSTEM32\WSOCK32.dll
0x00007ffd7b1a0000 - 0x00007ffd7b1aa000 	C:\WINDOWS\SYSTEM32\VERSION.dll
0x00007ffd83240000 - 0x00007ffd832ab000 	C:\WINDOWS\System32\WS2_32.dll
0x00007ffd80f80000 - 0x00007ffd80f92000 	C:\WINDOWS\SYSTEM32\kernel.appcore.dll
0x00007ffd7c680000 - 0x00007ffd7c690000 	C:\Program Files\Amazon Corretto\jdk11.0.8_10\bin\verify.dll
0x00007ffd80c60000 - 0x00007ffd80e44000 	C:\WINDOWS\SYSTEM32\DBGHELP.DLL
0x00007ffd6a1e0000 - 0x00007ffd6a20c000 	C:\WINDOWS\SYSTEM32\dbgcore.DLL
0x00007ffd826b0000 - 0x00007ffd82733000 	C:\WINDOWS\System32\bcryptPrimitives.dll
0x00007ffd79330000 - 0x00007ffd79358000 	C:\Program Files\Amazon Corretto\jdk11.0.8_10\bin\java.dll
0x00007ffd7c040000 - 0x00007ffd7c04a000 	C:\Program Files\Amazon Corretto\jdk11.0.8_10\bin\jimage.dll
0x00007ffd7bdb0000 - 0x00007ffd7bdc7000 	C:\Program Files\Amazon Corretto\jdk11.0.8_10\bin\zip.dll
0x00007ffd83820000 - 0x00007ffd83f5f000 	C:\WINDOWS\System32\SHELL32.dll
0x00007ffd803f0000 - 0x00007ffd80b81000 	C:\WINDOWS\SYSTEM32\windows.storage.dll
0x00007ffd84bd0000 - 0x00007ffd84f25000 	C:\WINDOWS\System32\combase.dll
0x00007ffd82120000 - 0x00007ffd8214c000 	C:\WINDOWS\SYSTEM32\Wldp.dll
0x00007ffd83190000 - 0x00007ffd8323e000 	C:\WINDOWS\System32\SHCORE.dll
0x00007ffd83060000 - 0x00007ffd830b5000 	C:\WINDOWS\System32\shlwapi.dll
0x00007ffd825f0000 - 0x00007ffd8260f000 	C:\WINDOWS\SYSTEM32\profapi.dll
0x00007ffd6f0a0000 - 0x00007ffd6f0b9000 	C:\Program Files\Amazon Corretto\jdk11.0.8_10\bin\net.dll
0x00007ffd79a20000 - 0x00007ffd79b2a000 	C:\WINDOWS\SYSTEM32\WINHTTP.dll
0x00007ffd81e30000 - 0x00007ffd81e9a000 	C:\WINDOWS\system32\mswsock.dll
0x00007ffd6e920000 - 0x00007ffd6e932000 	C:\Program Files\Amazon Corretto\jdk11.0.8_10\bin\nio.dll
0x00007ffd77de0000 - 0x00007ffd77de9000 	C:\Program Files\Amazon Corretto\jdk11.0.8_10\bin\management.dll
0x00007ffd73960000 - 0x00007ffd7396b000 	C:\Program Files\Amazon Corretto\jdk11.0.8_10\bin\management_ext.dll
0x00007ffd68460000 - 0x00007ffd68477000 	C:\WINDOWS\system32\napinsp.dll
0x00007ffd668e0000 - 0x00007ffd668fb000 	C:\WINDOWS\system32\pnrpnsp.dll
0x00007ffd7c240000 - 0x00007ffd7c255000 	C:\WINDOWS\system32\wshbth.dll
0x00007ffd7d7b0000 - 0x00007ffd7d7cd000 	C:\WINDOWS\system32\NLAapi.dll
0x00007ffd81ae0000 - 0x00007ffd81b1b000 	C:\WINDOWS\SYSTEM32\IPHLPAPI.DLL
0x00007ffd81b20000 - 0x00007ffd81bec000 	C:\WINDOWS\SYSTEM32\DNSAPI.dll
0x00007ffd832b0000 - 0x00007ffd832b8000 	C:\WINDOWS\System32\NSI.dll
0x00007ffd667d0000 - 0x00007ffd667e2000 	C:\WINDOWS\System32\winrnr.dll
0x00007ffd7b660000 - 0x00007ffd7b66a000 	C:\Windows\System32\rasadhlp.dll
0x00007ffd78260000 - 0x00007ffd782df000 	C:\WINDOWS\System32\fwpuclnt.dll
0x00007ffd82e60000 - 0x00007ffd82e87000 	C:\WINDOWS\System32\bcrypt.dll

dbghelp: loaded successfully - version: 4.0.5 - missing functions: none
symbol engine: initialized successfully - sym options: 0x614 - pdb path: .;C:\Program Files\Amazon Corretto\jdk11.0.8_10\bin;C:\WINDOWS\SYSTEM32;C:\WINDOWS\WinSxS\amd64_microsoft.windows.common-controls_6595b64144ccf1df_6.0.19041.1083_none_60bbe31371f34e71;C:\Program Files\Amazon Corretto\jdk11.0.8_10\bin\server

VM Arguments:
java_command: org.apache.maven.surefire.booter.ForkedBooter C:\Users\Karen\AppData\Local\Temp\surefire3895981507856565099 2021-07-14T15-23-54_022-jvmRun1 surefire14883510154605024872tmp surefire_03311166554656735238tmp
java_class_path (initial): C:\Users\Karen\.m2\repository\org\apache\maven\surefire\surefire-booter\2.22.2\surefire-booter-2.22.2.jar;C:\Users\Karen\.m2\repository\org\apache\maven\surefire\surefire-api\2.22.2\surefire-api-2.22.2.jar;C:\Users\Karen\.m2\repository\org\apache\maven\surefire\surefire-logger-api\2.22.2\surefire-logger-api-2.22.2.jar;E:\KarenData\JavaVSCode\GPS\Backend_Course\GPS-Spring\Course-3\PPT-Sample-Demo-Code\Sprint-4-Demo\MovieApplication\UserMovieService\target\test-classes;E:\KarenData\JavaVSCode\GPS\Backend_Course\GPS-Spring\Course-3\PPT-Sample-Demo-Code\Sprint-4-Demo\MovieApplication\UserMovieService\target\classes;C:\Users\Karen\.m2\repository\org\springframework\boot\spring-boot-starter-data-mongodb\2.5.0\spring-boot-starter-data-mongodb-2.5.0.jar;C:\Users\Karen\.m2\repository\org\mongodb\mongodb-driver-sync\4.2.3\mongodb-driver-sync-4.2.3.jar;C:\Users\Karen\.m2\repository\org\mongodb\bson\4.2.3\bson-4.2.3.jar;C:\Users\Karen\.m2\repository\org\mongodb\mongodb-driver-core\4.2.3\mongodb-driver-core-4.2.3.jar;C:\Users\Karen\.m2\repository\org\springframework\data\spring-data-mongodb\3.2.1\spring-data-mongodb-3.2.1.jar;C:\Users\Karen\.m2\repository\org\springframework\spring-tx\5.3.7\spring-tx-5.3.7.jar;C:\Users\Karen\.m2\repository\org\springframework\spring-context\5.3.7\spring-context-5.3.7.jar;C:\Users\Karen\.m2\repository\org\springframework\spring-beans\5.3.7\spring-beans-5.3.7.jar;C:\Users\Karen\.m2\repository\org\springframework\spring-expression\5.3.7\spring-expression-5.3.7.jar;C:\Users\Karen\.m2\repository\org\springframework\data\spring-data-commons\2.5.1\spring-data-commons-2.5.1.jar;C:\Users\Karen\.m2\repository\org\slf4j\slf4j-api\1.7.30\slf4j-api-1.7.30.jar;C:\Users\Karen\.m2\repository\org\springframework\boot\spring-boot-starter\2.5.0\spring-boot-starter-2.5.0.jar;C:\Users\Karen\.m2\repository\org\springframework\boot\spring-boot\2.5.0\spring-boot-2.5.0.jar;C:\Users\Karen\.m2\repository\org\springframework\boot\spring-boot-au
Launcher Type: SUN_STANDARD

[Global flags]
     intx CICompilerCount                          = 4                                         {product} {ergonomic}
     uint ConcGCThreads                            = 2                                         {product} {ergonomic}
     uint G1ConcRefinementThreads                  = 8                                         {product} {ergonomic}
   size_t G1HeapRegionSize                         = 1048576                                   {product} {ergonomic}
    uintx GCDrainStackTargetSize                   = 64                                        {product} {ergonomic}
   size_t InitialHeapSize                          = 268435456                                 {product} {ergonomic}
   size_t MarkStackSize                            = 4194304                                   {product} {ergonomic}
   size_t MaxHeapSize                              = 4265607168                                {product} {ergonomic}
   size_t MaxNewSize                               = 2558525440                                {product} {ergonomic}
   size_t MinHeapDeltaBytes                        = 1048576                                   {product} {ergonomic}
    uintx NonNMethodCodeHeapSize                   = 5836300                                {pd product} {ergonomic}
    uintx NonProfiledCodeHeapSize                  = 122910970                              {pd product} {ergonomic}
    uintx ProfiledCodeHeapSize                     = 122910970                              {pd product} {ergonomic}
    uintx ReservedCodeCacheSize                    = 251658240                              {pd product} {ergonomic}
     bool SegmentedCodeCache                       = true                                      {product} {ergonomic}
     bool UseCompressedClassPointers               = true                                 {lp64_product} {ergonomic}
     bool UseCompressedOops                        = true                                 {lp64_product} {ergonomic}
     bool UseG1GC                                  = true                                      {product} {ergonomic}
     bool UseLargePagesIndividualAllocation        = false                                  {pd product} {ergonomic}

Logging:
Log output configuration:
 #0: stdout all=warning uptime,level,tags
 #1: stderr all=off uptime,level,tags

Environment Variables:
JAVA_HOME=C:\Program Files\Amazon Corretto\jdk11.0.8_10
CLASSPATH=C:\Users\Karen\.m2\repository\org\apache\maven\surefire\surefire-booter\2.22.2\surefire-booter-2.22.2.jar;C:\Users\Karen\.m2\repository\org\apache\maven\surefire\surefire-api\2.22.2\surefire-api-2.22.2.jar;C:\Users\Karen\.m2\repository\org\apache\maven\surefire\surefire-logger-api\2.22.2\surefire-logger-api-2.22.2.jar;E:\KarenData\JavaVSCode\GPS\Backend_Course\GPS-Spring\Course-3\PPT-Sample-Demo-Code\Sprint-4-Demo\MovieApplication\UserMovieService\target\test-classes;E:\KarenData\JavaVSCode\GPS\Backend_Course\GPS-Spring\Course-3\PPT-Sample-Demo-Code\Sprint-4-Demo\MovieApplication\UserMovieService\target\classes;C:\Users\Karen\.m2\repository\org\springframework\boot\spring-boot-starter-data-mongodb\2.5.0\spring-boot-starter-data-mongodb-2.5.0.jar;C:\Users\Karen\.m2\repository\org\mongodb\mongodb-driver-sync\4.2.3\mongodb-driver-sync-4.2.3.jar;C:\Users\Karen\.m2\repository\org\mongodb\bson\4.2.3\bson-4.2.3.jar;C:\Users\Karen\.m2\repository\org\mongodb\mongodb-driver-core\4.2.3\mongodb-driver-core-4.2.3.jar;C:\Users\Karen\.m2\repository\org\springframework\data\spring-data-mongodb\3.2.1\spring-data-mongodb-3.2.1.jar;C:\Users\Karen\.m2\repository\org\springframework\spring-tx\5.3.7\spring-tx-5.3.7.jar;C:\Users\Karen\.m2\repository\org\springframework\spring-context\5.3.7\spring-context-5.3.7.jar;C:\Users\Karen\.m2\repository\org\springframework\spring-beans\5.3.7\spring-beans-5.3.7.jar;C:\Users\Karen\.m2\repository\org\springframework\spring-expression\5.3.7\spring-expression-5.3.7.jar;C:\Users\Karen\.m2\repository\org\springframework\data\spring-data-commons\2.5.1\spring-data-commons-2.5.1.jar;C:\Users\Karen\.m2\repository\org\slf4j\slf4j-api\1.7.30\slf4j-api-1.7.30.jar;C:\Users\Karen\.m2\repository\org\springframework\boot\spring-boot-starter\2.5.0\spring-boot-starter-2.5.0.jar;C:\Users\Karen\.m2\repository\org\springframework\boot\spring-boot\2.5.0\spring-boot-2.5.0.jar;C:\Users\Karen\.m2\repository\org\springframework\boot\spring-boot-autoconfigure\2.5.0\spring-bo
PATH=C:\Program Files\Amazon Corretto\jdk11.0.8_10\bin;C:\Program Files (x86)\Intel\Intel(R) Management Engine Components\iCLS\;C:\Program Files\Intel\Intel(R) Management Engine Components\iCLS\;C:\Windows\system32;C:\Windows;C:\Windows\System32\Wbem;C:\Windows\System32\WindowsPowerShell\v1.0\;C:\Windows\System32\OpenSSH\;C:\Program Files (x86)\NVIDIA Corporation\PhysX\Common;C:\Program Files (x86)\Intel\Intel(R) Management Engine Components\DAL;C:\Program Files\Intel\Intel(R) Management Engine Components\DAL;C:\Program Files (x86)\Intel\Intel(R) Management Engine Components\IPT;C:\Program Files\Intel\Intel(R) Management Engine Components\IPT;C:\Program Files\Intel\WiFi\bin\;C:\Program Files\Common Files\Intel\WirelessCommon\;C:\Program Files\MySQL\MySQL Utilities 1.6\;C:\WINDOWS\system32;C:\WINDOWS;C:\WINDOWS\System32\Wbem;C:\WINDOWS\System32\WindowsPowerShell\v1.0\;C:\WINDOWS\System32\OpenSSH\;C:\Program Files\nodejs\;C:\Program Files\Git\cmd;C:\HashiCorp\Vagrant\bin;C:\Program Files\MongoDB\Server\4.4\bin;C:\Program Files\Docker\Docker\resources\bin;C:\Users\Karen\AppData\Local\Programs\Python\Python38-32\Scripts\;C:\Users\Karen\AppData\Local\Programs\Python\Python38-32\;C:\Users\Karen\AppData\Local\Programs\Python\Python37-32\Scripts\;C:\Users\Karen\AppData\Local\Programs\Python\Python37-32\;C:\Users\Karen\AppData\Local\Microsoft\WindowsApps;C:\Users\Karen\AppData\Local\Programs\Microsoft VS Code\bin;C:\Users\Karen\AppData\Local\GitHubDesktop\bin;C:\Users\Karen\AppData\Local\Microsoft\WindowsApps;C:\Users\Karen\AppData\Roaming\npm;E:\Downloads_Karen\apache-maven-3.8.1-bin\apache-maven-3.8.1\bin;C:\Users\Karen\AppData\Local\Programs\mongosh\;C:\Program Files\MongoDB\Server\4.4\bin;C:\Program Files\Docker\Docker\resources\bin;
USERNAME=Karen
OS=Windows_NT
PROCESSOR_IDENTIFIER=Intel64 Family 6 Model 142 Stepping 10, GenuineIntel



---------------  S Y S T E M  ---------------

OS: Windows 10 , 64 bit Build 19041 (10.0.19041.1023)
OS uptime: 3 days 6:20 hours
HyperV virtualization detected

CPU:total 8 (initial active 8) (4 cores per cpu, 2 threads per core) family 6 model 142 stepping 10, cmov, cx8, fxsr, mmx, sse, sse2, sse3, ssse3, sse4.1, sse4.2, popcnt, avx, avx2, aes, clmul, erms, 3dnowpref, lzcnt, ht, tsc, tscinvbit, bmi1, bmi2, adx, fma

Memory: 4k page, system-wide physical 16265M (4210M free)
TotalPageFile size 16265M (AvailPageFile size 5M)
current process WorkingSet (physical memory assigned to process): 140M, peak: 140M
current process commit charge ("private bytes"): 391M, peak: 392M

vm_info: OpenJDK 64-Bit Server VM (11.0.8+10-LTS) for windows-amd64 JRE (11.0.8+10-LTS), built on Jul 13 2020 00:42:50 by "Administrator" with MS VC++ 15.9 (VS2017)

END.
